 <<<<<<<<<<<<<<<<<<<<<<<<<<<<<<<<<<<<<<<>>>>>>>>>>>>>>>>>>>>>>>>>>>>>>>>>>>>>>>
 ******************************************************************************
 *** LIFTING_LINE started ...                                               ***
 ***                                                                        ***
 *** Copyright (C) 1986 - 2020 Karl Heinz Horstmann                         ***
 ***                                                                        ***
 *** Version        : V3.1                                                  ***
 *** Revision       : 0                                                     ***
 *** Date           : September 2020                                        ***
 ***                                                                        ***
 *** LIFTING_LINE comes with ABSOLUTELY NO WARRANTY.                        ***
 *** This is free software, and you are welcome to redistribute it          ***
 *** under certain conditions.                                              ***
 *** Please call LIFTING_LINE with option "-l" to see the full license text ***
 ******************************************************************************
 *** Output-Mode    : [   delete]                                           ***
 *** Debug-Level    : [0]                                                   ***
 *** TECPLOT-Output : [yes]                                                 ***
 *** XML-Output     : [yes]                                                 ***
 *** Output-Path    : [C:\Users\chang.xu\wing_propeller_interaction\Lifting_Line]
 *** Project-Path   : [CPACS4LILI_LILI-Config_1.inp]                        ***
 ******************************************************************************
 
 
 >>>>>>>>>>>>>>>>>>>>>>>>>>>><<<<<<<<<<<<<<<<<<<<<<<<<<<<
 >>>  In case of questions or errors, please contact: <<<
 >>>                                                  <<<
 >>>   Carsten Liersch                                <<<
 >>>    German Aerospace Center (DLR)                 <<<
 >>>    Institute of Aerodynamics and Flow Technology <<<
 >>>    Transport Aircraft                            <<<
 >>>    Lilienthalplatz 7                             <<<
 >>>    D - 38108 Braunschweig / Germany              <<<
 >>>    Tel.  : +49 (0)531 / 295 - 2434               <<<
 >>>    Fax   : +49 (0)531 / 295 - 2320               <<<
 >>>    E-Mail: carsten.liersch@dlr.de                <<<
 >>>>>>>>>>>>>>>>>>>>>>>>><<<<<<<<<<<<<<<<<<<<<<<<<<<<<<<
 
 ******************************************************************************
 ***  ... Program LIFTING_LINE finished                                     ***
 ******************************************************************************
 <<<<<<<<<<<<<<<<<<<<<<<<<<<<<<<<<<<<<<<>>>>>>>>>>>>>>>>>>>>>>>>>>>>>>>>>>>>>>>
