****************************************************************************************************
* LIFTING_LINE V3.1.1                                                                              *
* (More precisely, this is CPACS4LILI V3.1.1)                                                      *
* ================================================================================================ *
* CPACS4LILI is the CPACS interface to the LIFTING_LINE aerodynamics tool                          *
* CPACS interface: CPACS4LILI   V3.1.1                                                             *
*   for          : LIFTING_LINE V3.1                                                               *
*   and          : POLINT       V1.6                                                               *
*   using        : CPACS Schema V3.3                                                               *
*   and          : Tool  Schema V3.3.0                                                             *
*   with         : TIXI         V3.1.1                                                             *
*   and          : TIGL         V3.2.1                                                             *
* ------------------------------------------------------------------------------------------------ *
* (c) Deutsches Zentrum fuer Luft- und Raumfahrt e.V. (DLR)                                        *
*     German Aerospace Center                                                                      *
*     Carsten Liersch                                                                              *
*     2006 - 2021                                                                                  *
* ------------------------------------------------------------------------------------------------ *
* Fri Sep 22 16:45:23 2023: Logging started ...                                                    *
****************************************************************************************************

No Input filename passed by command-line -> Entering interactive mode
No Output filename passed by command-line -> Entering interactive mode
GENERAL INFORMATION
===================
  EPS for comparison of values          : 1e-08
  EPS for comparison of geometry values : 0.001
  Name of XML-Inputfile                 : './LILI/Do328_out/propFalse_RPM0/propoff.xml'
  Name of XML-Outputfile                : 'output'
  Inputfile for                         : 'LIFTING_LINE / V3.1.1'
    CPACS Version / Tool schema Version : 'V3.3 / V3.3.0'
  CPACS dataset name                    : 'Do328_out'
  Created by                            : 'Chang Xu'
  Timestamp                             : '2023-08-18T12:00:00'
  Version                               : '0.1'
  CPACS Version                         : '3.3'
  UID of selected aircraft model        : 'AircraftModel'
  Name of selected aircraft model       : 'Do328_out'
  Description of selected aircraft model: 'Do328_out'
  Dataset name for calculation          : 'AircraftModel'


GEOMETRY
========
  CPACS-Geometry successfully read by TIGL


REFERENCE VALUES
================
  Area                                  : 40 m^2
  Length for rolling  moment            : 1.9601 m
  Length for pitching moment            : 1.9601 m
  Length for yawing   moment            : 1.9601 m
  Moment reference point X              : 7.79131 m
  Moment reference point Y              : 4.76065 m
  Moment reference point Z              : 2.00337 m


LIFTING_LINE-PARAMETERS
=======================
  Default AeroCase Output Depth         : STRIPS
  Using POLINT                          : NO
  Using PropModule                      : NO
  Archive mode                          : 2 (Archive all)
  Parallel computation                  : 0 (Maximum number of available processors / cores)

  Paneling of Wing 1
  *********************
    Wing UID                            : wing
    Spanwise paneling                   : 15
    Chordwise paneling                  : 1

  Paneling of Wing 2
  *********************
    Wing UID                            : htp
    Spanwise paneling                   : 1
    Chordwise paneling                  : 0

  Paneling of Wing 3
  *********************
    Wing UID                            : vtp
    Spanwise paneling                   : 1
    Chordwise paneling                  : 0


OPERATING CONDITION(S)
======================
  AeroCase computation mode

  Definition of AeroCase 1:
  **************************
    UID of AeroCase                     : AC_1
    Name of AeroCase                    : AC_1
    Description of AeroCase             : AC_1 (ISA, TargetCl)
    Atmospheric Model                   : ISA
      Temperature offset                : 0 K
    Altitude                            : 8000 m
    Speed of Sound          (calculated): 308.063 m/s
    Kinematic Viscosity     (calculated): 2.90721e-05 m^2/s
    Airspeed                (calculated): 135.548 m/s
    Reynolds reference length           : 1.9601 m
    Mach-Number                         : 0.44
    Reynolds-Number         (calculated): 9.1389e+06
    Angle of Sideslip                   : 0 deg
    Target Lift Coefficient             : 0.8


ETA-KSI-TABLE
=============

  Wing No.: 1 (UID: wing)
  ***********************************************************
    Segment index :          1          1          1          1          1          1          1          1          1          1          1          1          1          1          1          1          1          1          1          1          1          1          2          2          2          2          2          2          2          2          2          2          2          2          2          2          3          3          3          3          3          3          3          3          3          3          3          3          3          3          4          4          4          4          4          4          4          4          4          4          4          4          4          4          4          4          4          4          4          4          4          4
    Eta     index :          1          2          3          4          5          6          7          8          9         10         11         12         13         14         15         16         17         18         19         20         21         22          1          2          3          4          5          6          7          8          9         10         11         12         13         14          1          2          3          4          5          6          7          8          9         10         11         12         13         14          1          2          3          4          5          6          7          8          9         10         11         12         13         14         15         16         17         18         19         20         21         22
    Eta     value :          0   0.047619  0.0952381  0.1428571  0.1904762  0.2380952  0.2857143  0.3333333  0.3809524  0.4285714  0.4761905  0.5238095  0.5714286  0.6190476  0.6666667  0.7142857  0.7619048  0.8095238  0.8571429  0.9047619   0.952381          1          0  0.0857156  0.1714311  0.2571467  0.3428622  0.4285778  0.5142933  0.6000089  0.6857244    0.77144  0.8571555  0.9428711  0.9714355          1          0  0.0285645  0.0571289  0.1428445    0.22856  0.3142756  0.3999911  0.4857067  0.5714222  0.6571378  0.7428533  0.8285689  0.9142844          1          0   0.047619  0.0952381  0.1428571  0.1904762  0.2380952  0.2857143  0.3333333  0.3809524  0.4285714  0.4761905  0.5238095  0.5714286  0.6190476  0.6666667  0.7142857  0.7619048  0.8095238  0.8571429  0.9047619   0.952381          1
    +++++++++++++++++++++++++++++++++++++++++++++++++++++++++++++++++++++++++++++++++++++++++++++++++++++++++++++++++++++++++++++++++++++++++++++++++++++++++++++++++++++++++++++++++++++++++++++++++++++++++++++++++++++++++++++++++++++++++++++++++++++++++++++++++++++++++++++++++++++++++++++++++++++++++++++++++++++++++++++++++++++++++++++++++++++++++++++++++++++++++++++++++++++++++++++++++++++++++++++++++++++++++++++++++++++++++++++++++++++++++++++++++++++++++++++++++++++++++++++++++++++++++++++++++++++++++++++++++++++++++++++++++++++++++++++++++++++++++++++++++++++++++++++++++++++++++++++++++++++++++++++++++++++++++++++++++++++++++++++++++++++++++++++++++++++++++++++++++++++++++++++++++++++++++++++++++++++++++++++++++++++++++++++++++++++++++++++++++++++++++++++++++++++++++++++++++++++++++++++++++++++++
    Ksi line     1:          0          0          0          0          0          0          0          0          0          0          0          0          0          0          0          0          0          0          0          0          0          0          0          0          0          0          0          0          0          0          0          0          0          0          0          0          0          0          0          0          0          0          0          0          0          0          0          0          0          0          0          0          0          0          0          0          0          0          0          0          0          0          0          0          0          0          0          0          0          0          0          0
    Ksi line     2:  0.3333333  0.3333333  0.3333333  0.3333333  0.3333333  0.3333333  0.3333333  0.3333333  0.3333333  0.3333333  0.3333333  0.3333333  0.3333333  0.3333333  0.3333333  0.3333333  0.3333333  0.3333333  0.3333333  0.3333333  0.3333333  0.3333333  0.3333333  0.3333333  0.3333333  0.3333333  0.3333333  0.3333333  0.3333333  0.3333333  0.3333333  0.3333333  0.3333333  0.3333333  0.3333333  0.3333333  0.3333333  0.3333333  0.3333333  0.3333333  0.3333333  0.3333333  0.3333333  0.3333333  0.3333333  0.3333333  0.3333333  0.3333333  0.3333333  0.3333333  0.3333333  0.3333333  0.3333333  0.3333333  0.3333333  0.3333333  0.3333333  0.3333333  0.3333333  0.3333333  0.3333333  0.3333333  0.3333333  0.3333333  0.3333333  0.3333333  0.3333333  0.3333333  0.3333333  0.3333333  0.3333333  0.3333333
    Ksi line     3:  0.6666667  0.6666667  0.6666667  0.6666667  0.6666667  0.6666667  0.6666667  0.6666667  0.6666667  0.6666667  0.6666667  0.6666667  0.6666667  0.6666667  0.6666667  0.6666667  0.6666667  0.6666667  0.6666667  0.6666667  0.6666667  0.6666667  0.6666667  0.6666667  0.6666667  0.6666667  0.6666667  0.6666667  0.6666667  0.6666667  0.6666667  0.6666667  0.6666667  0.6666667  0.6666667  0.6666667  0.6666667  0.6666667  0.6666667  0.6666667  0.6666667  0.6666667  0.6666667  0.6666667  0.6666667  0.6666667  0.6666667  0.6666667  0.6666667  0.6666667  0.6666667  0.6666667  0.6666667  0.6666667  0.6666667  0.6666667  0.6666667  0.6666667  0.6666667  0.6666667  0.6666667  0.6666667  0.6666667  0.6666667  0.6666667  0.6666667  0.6666667  0.6666667  0.6666667  0.6666667  0.6666667  0.6666667
    Ksi line     4:          1          1          1          1          1          1          1          1          1          1          1          1          1          1          1          1          1          1          1          1          1          1          1          1          1          1          1          1          1          1          1          1          1          1          1          1          1          1          1          1          1          1          1          1          1          1          1          1          1          1          1          1          1          1          1          1          1          1          1          1          1          1          1          1          1          1          1          1          1          1          1          1
    +++++++++++++++++++++++++++++++++++++++++++++++++++++++++++++++++++++++++++++++++++++++++++++++++++++++++++++++++++++++++++++++++++++++++++++++++++++++++++++++++++++++++++++++++++++++++++++++++++++++++++++++++++++++++++++++++++++++++++++++++++++++++++++++++++++++++++++++++++++++++++++++++++++++++++++++++++++++++++++++++++++++++++++++++++++++++++++++++++++++++++++++++++++++++++++++++++++++++++++++++++++++++++++++++++++++++++++++++++++++++++++++++++++++++++++++++++++++++++++++++++++++++++++++++++++++++++++++++++++++++++++++++++++++++++++++++++++++++++++++++++++++++++++++++++++++++++++++++++++++++++++++++++++++++++++++++++++++++++++++++++++++++++++++++++++++++++++++++++++++++++++++++++++++++++++++++++++++++++++++++++++++++++++++++++++++++++++++++++++++++++++++++++++++++++++++++++++++++++++++++++++++
    LE, TE, US, LS:    0 0 0 0    0 0 0 0    0 0 0 0    0 0 0 0    0 0 0 0    0 0 0 0    0 0 0 0    0 0 0 0    0 0 0 0    0 0 0 0    0 0 0 0    0 0 0 0    0 0 0 0    0 0 0 0    0 0 0 0    0 0 0 0    0 0 0 0    0 0 0 0    0 0 0 0    0 0 0 0    0 0 0 0    0 0 0 0    0 0 0 0    0 0 0 0    0 0 0 0    0 0 0 0    0 0 0 0    0 0 0 0    0 0 0 0    0 0 0 0    0 0 0 0    0 0 0 0    0 0 0 0    0 0 0 1    0 0 0 1    0 0 0 1    0 0 0 1    0 0 0 1    0 0 0 0    0 0 0 0    0 0 0 0    0 0 0 0    0 0 0 0    0 0 0 0    0 0 0 0    0 0 0 0    0 0 0 0    0 0 0 0    0 0 0 0    0 0 0 0    0 0 0 0    0 0 0 0    0 0 0 0    0 0 0 0    0 0 0 0    0 0 0 0    0 0 0 0    0 0 0 0    0 0 0 0    0 0 0 0    0 0 0 0    0 0 0 0    0 0 0 0    0 0 0 0    0 0 0 0    0 0 0 0    0 0 0 0    0 0 0 0    0 0 0 0    0 0 0 0    0 0 0 0    0 0 0 0  Points inside UID :main_fuselage
    LE, TE, US, LS:    1 1 1 1    1 1 1 1    1 1 1 1    1 1 1 1    1 1 1 1    1 1 1 1    1 1 1 1    1 1 1 1    1 1 1 1    1 1 1 1    1 1 1 1    1 1 1 1    1 1 1 1    1 1 1 1    1 1 1 1    1 1 1 1    1 1 1 1    1 1 1 1    1 1 1 1    1 1 1 1    1 1 1 1    1 1 1 1    1 1 1 1    1 1 1 1    1 1 1 1    1 1 1 1    1 1 1 1    1 1 1 1    1 1 1 1    1 1 1 1    1 1 1 1    1 1 1 1    1 1 1 1    1 1 1 1    1 1 1 1    1 1 1 1    1 1 1 1    1 1 1 1    1 1 1 1    1 1 1 1    1 1 1 1    1 1 1 1    1 1 1 1    1 1 1 1    1 1 1 1    1 1 1 1    1 1 1 1    1 1 1 1    1 1 1 1    1 1 1 1    1 1 1 1    1 1 1 1    1 1 1 1    1 1 1 1    1 1 1 1    1 1 1 1    1 1 1 1    1 1 1 1    1 1 1 1    1 1 1 1    1 1 1 1    1 1 1 1    1 1 1 1    1 1 1 1    1 1 1 1    1 1 1 1    1 1 1 1    1 1 1 1    1 1 1 1    1 1 1 1    1 1 1 1    1 1 1 1  Points inside UID :wing
    LE, TE, US, LS:    0 0 0 0    0 0 0 0    0 0 0 0    0 0 0 0    0 0 0 0    0 0 0 0    0 0 0 0    0 0 0 0    0 0 0 0    0 0 0 0    0 0 0 0    0 0 0 0    0 0 0 0    0 0 0 0    0 0 0 0    0 0 0 0    0 0 0 0    0 0 0 0    0 0 0 0    0 0 0 0    0 0 0 0    0 0 0 0    0 0 0 0    0 0 0 0    0 0 0 0    0 0 0 0    0 0 0 0    0 0 0 0    0 0 0 0    0 0 0 0    0 0 0 0    0 0 0 0    0 0 0 0    0 0 0 0    0 0 0 0    0 0 0 0    0 0 0 0    0 0 0 0    0 0 0 0    0 0 0 0    0 0 0 0    0 0 0 0    0 0 0 0    0 0 0 0    0 0 0 0    0 0 0 0    0 0 0 0    0 0 0 0    0 0 0 0    0 0 0 0    0 0 0 0    0 0 0 0    0 0 0 0    0 0 0 0    0 0 0 0    0 0 0 0    0 0 0 0    0 0 0 0    0 0 0 0    0 0 0 0    0 0 0 0    0 0 0 0    0 0 0 0    0 0 0 0    0 0 0 0    0 0 0 0    0 0 0 0    0 0 0 0    0 0 0 0    0 0 0 0    0 0 0 0    0 0 0 0  Points inside UID :htp
    LE, TE, US, LS:    0 0 0 0    0 0 0 0    0 0 0 0    0 0 0 0    0 0 0 0    0 0 0 0    0 0 0 0    0 0 0 0    0 0 0 0    0 0 0 0    0 0 0 0    0 0 0 0    0 0 0 0    0 0 0 0    0 0 0 0    0 0 0 0    0 0 0 0    0 0 0 0    0 0 0 0    0 0 0 0    0 0 0 0    0 0 0 0    0 0 0 0    0 0 0 0    0 0 0 0    0 0 0 0    0 0 0 0    0 0 0 0    0 0 0 0    0 0 0 0    0 0 0 0    0 0 0 0    0 0 0 0    0 0 0 0    0 0 0 0    0 0 0 0    0 0 0 0    0 0 0 0    0 0 0 0    0 0 0 0    0 0 0 0    0 0 0 0    0 0 0 0    0 0 0 0    0 0 0 0    0 0 0 0    0 0 0 0    0 0 0 0    0 0 0 0    0 0 0 0    0 0 0 0    0 0 0 0    0 0 0 0    0 0 0 0    0 0 0 0    0 0 0 0    0 0 0 0    0 0 0 0    0 0 0 0    0 0 0 0    0 0 0 0    0 0 0 0    0 0 0 0    0 0 0 0    0 0 0 0    0 0 0 0    0 0 0 0    0 0 0 0    0 0 0 0    0 0 0 0    0 0 0 0    0 0 0 0  Points inside UID :vtp


  Wing No.: 2 (UID: htp)
  ***********************************************************
    Segment index :          1          1          1          1          1          1          1          2          2          2          2          2          2
    Eta     index :          1          2          3          4          5          6          7          1          2          3          4          5          6
    Eta     value :          0   0.324707  0.6494141  0.9741211  0.9753342  0.9888233          1          0  0.0112305  0.0252316  0.3501544  0.6750772          1
    ++++++++++++++++++++++++++++++++++++++++++++++++++++++++++++++++++++++++++++++++++++++++++++++++++++++++++++++++++++++++++++++++++++++++++++++++++++++++++++++
    Ksi line     1:          0          0          0          0          0          0          0          0          0          0          0          0          0
    Ksi line     2:          1          1          1          1          1          1          1          1          1          1          1          1          1
    ++++++++++++++++++++++++++++++++++++++++++++++++++++++++++++++++++++++++++++++++++++++++++++++++++++++++++++++++++++++++++++++++++++++++++++++++++++++++++++++
    LE, TE, US, LS:    0 0 0 0    0 0 0 0    0 0 0 0    0 0 0 0    0 0 0 0    0 0 0 0    0 0 0 0    0 0 0 0    0 0 0 0    0 0 0 0    0 0 0 0    0 0 0 0    0 0 0 0  Points inside UID :main_fuselage
    LE, TE, US, LS:    0 0 0 0    0 0 0 0    0 0 0 0    0 0 0 0    0 0 0 0    0 0 0 0    0 0 0 0    0 0 0 0    0 0 0 0    0 0 0 0    0 0 0 0    0 0 0 0    0 0 0 0  Points inside UID :wing
    LE, TE, US, LS:    1 1 1 1    1 1 1 1    1 1 1 1    1 1 1 1    1 1 1 1    1 1 1 1    1 1 1 1    1 1 1 1    1 1 1 1    1 1 1 1    1 1 1 1    1 1 1 1    1 1 1 1  Points inside UID :htp
    LE, TE, US, LS:    0 0 0 0    0 0 0 0    0 0 0 0    0 0 0 1    0 0 1 1    0 1 1 1    0 1 1 1    0 1 1 1    0 0 1 1    0 0 0 0    0 0 0 0    0 0 0 0    0 0 0 0  Points inside UID :vtp


  Wing No.: 3 (UID: vtp)
  ***********************************************************
    Segment index :          1          1          1          1          1          1          1
    Eta     index :          1          2          3          4          5          6          7
    Eta     value :          0  0.0131836  0.0406487  0.0664125  0.3776084  0.6888042          1
    ++++++++++++++++++++++++++++++++++++++++++++++++++++++++++++++++++++++++++++++++++++++++++++
    Ksi line     1:          0          0          0          0          0          0          0
    Ksi line     2:          1          1          1          1          1          1          1
    ++++++++++++++++++++++++++++++++++++++++++++++++++++++++++++++++++++++++++++++++++++++++++++
    LE, TE, US, LS:    1 1 1 1    1 0 1 1    1 0 0 0    0 0 0 0    0 0 0 0    0 0 0 0    0 0 0 0  Points inside UID :main_fuselage
    LE, TE, US, LS:    0 0 0 0    0 0 0 0    0 0 0 0    0 0 0 0    0 0 0 0    0 0 0 0    0 0 0 0  Points inside UID :wing
    LE, TE, US, LS:    0 0 0 0    0 0 0 0    0 0 0 0    0 0 0 0    0 0 0 0    0 0 0 0    0 0 0 0  Points inside UID :htp
    LE, TE, US, LS:    1 1 1 1    1 1 1 1    1 1 1 1    1 1 1 1    1 1 1 1    1 1 1 1    1 1 1 1  Points inside UID :vtp



DATA VAUES
==========

    AeroCase 1
    UID                                 : AC_1
  ***********************************************************
    Aerodynamic coefficients initialized to 0.


TECPLOT GEOMETRY OUTPUT
=======================
  Header written
  Zones written
  TECPLOT geometry outputfile written
  File copied into returndirectory


LIFTING_LINE Control
====================
  Old LIFTING_LINE inputfiles           : Deleted
  Old LIFTING_LINE outputdirectories    : Deleted
  Parallel threads used for computation : 16

  Case 1 / 1 (AeroCase / AeroMap UID: 'AC_1')
    Alt: 8000 m; M: 0.44; Re: 9.1389e+06; AoS: 0 deg; Target-CL: 0.8
    -----------------------------------------------------------------------------
    EXTENDED DEBUG OUTPUT
    -----------------------------------------------------------------------------
  *******************************************************************************
      Thread used for computation  : 0
      LIFTING_LINE inputfile       : written to file: "CPACS4LILI_LILI-Config_1.inp"
      LIFTING_LINE computation     : started ...
                                             ... finished
      Reading data from            : LIFTING_LINE output-file
      LIFTING_LINE inputfile       : archived to directory "ReturnDirectory/"
      LIFTING_LINE output directory: archived to directory "ReturnDirectory/"
      LIFTING_LINE inputfile       : deleted
      LIFTING_LINE output directory: deleted

  All Case Computations                : Completed


TECPLOT COEFFICIENT DISTRIBUTION OUTPUT
=======================================
  Header written
  Zones written
  TECPLOT coefficient distribution outputfile written
  File copied into returndirectory


TECPLOT AEROCASE TOTAL COEFFICIENT OUTPUT
=========================================
  Header written
  Zones written
  TECPLOT total coefficient outputfile written
  File copied into returndirectory


XML Output
==========
  XML output structure created
  Reference values inserted
  Inserting AeroCases
  AeroCases inserted
  XML outputfile written

>>> CPACS4LILI completed successfully!

****************************************************************************************************
* Fri Sep 22 16:45:30 2023: ... logging ended                                                      *
****************************************************************************************************

