****************************************************************************************************
* LIFTING_LINE V3.1.1                                                                              *
* (More precisely, this is CPACS4LILI V3.1.1)                                                      *
* ================================================================================================ *
* CPACS4LILI is the CPACS interface to the LIFTING_LINE aerodynamics tool                          *
* CPACS interface: CPACS4LILI   V3.1.1                                                             *
*   for          : LIFTING_LINE V3.1                                                               *
*   and          : POLINT       V1.6                                                               *
*   using        : CPACS Schema V3.3                                                               *
*   and          : Tool  Schema V3.3.0                                                             *
*   with         : TIXI         V3.1.1                                                             *
*   and          : TIGL         V3.2.1                                                             *
* ------------------------------------------------------------------------------------------------ *
* (c) Deutsches Zentrum fuer Luft- und Raumfahrt e.V. (DLR)                                        *
*     German Aerospace Center                                                                      *
*     Carsten Liersch                                                                              *
*     2006 - 2021                                                                                  *
* ------------------------------------------------------------------------------------------------ *
* Wed Sep 20 13:31:52 2023: Logging started ...                                                    *
****************************************************************************************************

No Input filename passed by command-line -> Entering interactive mode
No Output filename passed by command-line -> Entering interactive mode
GENERAL INFORMATION
===================
  EPS for comparison of values          : 1e-08
  EPS for comparison of geometry values : 0.001
  Name of XML-Inputfile                 : './LILI/Do328_out/propTrue_RPM800/propTrue_RPM800.xml'
  Name of XML-Outputfile                : 'output'
  Inputfile for                         : 'LIFTING_LINE / V3.1.1'
    CPACS Version / Tool schema Version : 'V3.3 / V3.3.0'
  CPACS dataset name                    : 'Do328_out'
  Created by                            : 'Chang Xu'
  Timestamp                             : '2023-08-18T12:00:00'
  Version                               : '0.1'
  CPACS Version                         : '3.3'
  UID of selected aircraft model        : 'AircraftModel'
  Name of selected aircraft model       : 'Do328_out'
  Description of selected aircraft model: 'Do328_out'
  Dataset name for calculation          : 'AircraftModel'


GEOMETRY
========
  CPACS-Geometry successfully read by TIGL


REFERENCE VALUES
================
  Area                                  : 40 m^2
  Length for rolling  moment            : 1.9601 m
  Length for pitching moment            : 1.9601 m
  Length for yawing   moment            : 1.9601 m
  Moment reference point X              : 7.79131 m
  Moment reference point Y              : 4.76065 m
  Moment reference point Z              : 2.00337 m


LIFTING_LINE-PARAMETERS
=======================
  Default AeroCase Output Depth         : STRIPS
  Using POLINT                          : NO
  Using PropModule                      : YES
  Archive mode                          : 2 (Archive all)
  Parallel computation                  : 0 (Maximum number of available processors / cores)

  Paneling of Wing 1
  *********************
    Wing UID                            : wing
    Spanwise paneling                   : 15
    Chordwise paneling                  : 1

  Paneling of Wing 2
  *********************
    Wing UID                            : htp
    Spanwise paneling                   : 1
    Chordwise paneling                  : 0

  Paneling of Wing 3
  *********************
    Wing UID                            : vtp
    Spanwise paneling                   : 1
    Chordwise paneling                  : 0

  Propeller module
  ****************

    Propeller-induced velocity field 1:
    +++++++++++++++++++++++++++++++++++++
      UID                               : Field1
      NAME                              : Field1
      Description                       : propInducedVelocityField1
      Number of azimuthal positions     : 8
      Number of radial positions        : 20
      Propeller-induced velocities (at propeller plane)
      Phi [deg]           rR       Vax/V0       Vtn/V0
      -------------------------------------------------
              0  0.203234553  0.007359835  0.032649938
              0  0.245134956   0.00943136  0.034610738
              0  0.287035359  0.012710552  0.039782107
              0  0.328935761  0.016456291  0.044979887
              0  0.370836164  0.020347791  0.049377801
              0  0.412736566  0.024049342  0.052478721
              0  0.454636969  0.027275189  0.054068155
              0  0.496537372  0.029842077  0.054191216
              0  0.538437774  0.031641183  0.053004787
              0  0.580338177  0.032662749  0.050773485
              0   0.62223858  0.032896787  0.047693134
              0  0.664138982  0.032359051  0.043941845
              0  0.706039385  0.031067609  0.039686307
              0  0.747939787  0.029056447  0.035060831
              0   0.78984019  0.026416938  0.030189752
              0  0.831740593  0.023235661  0.025187643
              0  0.873640995  0.019490402   0.02013475
              0  0.915541398  0.015310755  0.015090984
              0  0.957441801  0.010612706   0.00999822
              0  0.999342203  0.002439565   0.00220095
             45  0.203234553  0.007359835  0.032649938
             45  0.245134956   0.00943136  0.034610738
             45  0.287035359  0.012710552  0.039782107
             45  0.328935761  0.016456291  0.044979887
             45  0.370836164  0.020347791  0.049377801
             45  0.412736566  0.024049342  0.052478721
             45  0.454636969  0.027275189  0.054068155
             45  0.496537372  0.029842077  0.054191216
             45  0.538437774  0.031641183  0.053004787
             45  0.580338177  0.032662749  0.050773485
             45   0.62223858  0.032896787  0.047693134
             45  0.664138982  0.032359051  0.043941845
             45  0.706039385  0.031067609  0.039686307
             45  0.747939787  0.029056447  0.035060831
             45   0.78984019  0.026416938  0.030189752
             45  0.831740593  0.023235661  0.025187643
             45  0.873640995  0.019490402   0.02013475
             45  0.915541398  0.015310755  0.015090984
             45  0.957441801  0.010612706   0.00999822
             45  0.999342203  0.002439565   0.00220095
             90  0.203234553  0.007359835  0.032649938
             90  0.245134956   0.00943136  0.034610738
             90  0.287035359  0.012710552  0.039782107
             90  0.328935761  0.016456291  0.044979887
             90  0.370836164  0.020347791  0.049377801
             90  0.412736566  0.024049342  0.052478721
             90  0.454636969  0.027275189  0.054068155
             90  0.496537372  0.029842077  0.054191216
             90  0.538437774  0.031641183  0.053004787
             90  0.580338177  0.032662749  0.050773485
             90   0.62223858  0.032896787  0.047693134
             90  0.664138982  0.032359051  0.043941845
             90  0.706039385  0.031067609  0.039686307
             90  0.747939787  0.029056447  0.035060831
             90   0.78984019  0.026416938  0.030189752
             90  0.831740593  0.023235661  0.025187643
             90  0.873640995  0.019490402   0.02013475
             90  0.915541398  0.015310755  0.015090984
             90  0.957441801  0.010612706   0.00999822
             90  0.999342203  0.002439565   0.00220095
            135  0.203234553  0.007359835  0.032649938
            135  0.245134956   0.00943136  0.034610738
            135  0.287035359  0.012710552  0.039782107
            135  0.328935761  0.016456291  0.044979887
            135  0.370836164  0.020347791  0.049377801
            135  0.412736566  0.024049342  0.052478721
            135  0.454636969  0.027275189  0.054068155
            135  0.496537372  0.029842077  0.054191216
            135  0.538437774  0.031641183  0.053004787
            135  0.580338177  0.032662749  0.050773485
            135   0.62223858  0.032896787  0.047693134
            135  0.664138982  0.032359051  0.043941845
            135  0.706039385  0.031067609  0.039686307
            135  0.747939787  0.029056447  0.035060831
            135   0.78984019  0.026416938  0.030189752
            135  0.831740593  0.023235661  0.025187643
            135  0.873640995  0.019490402   0.02013475
            135  0.915541398  0.015310755  0.015090984
            135  0.957441801  0.010612706   0.00999822
            135  0.999342203  0.002439565   0.00220095
            180  0.203234553  0.007359835  0.032649938
            180  0.245134956   0.00943136  0.034610738
            180  0.287035359  0.012710552  0.039782107
            180  0.328935761  0.016456291  0.044979887
            180  0.370836164  0.020347791  0.049377801
            180  0.412736566  0.024049342  0.052478721
            180  0.454636969  0.027275189  0.054068155
            180  0.496537372  0.029842077  0.054191216
            180  0.538437774  0.031641183  0.053004787
            180  0.580338177  0.032662749  0.050773485
            180   0.62223858  0.032896787  0.047693134
            180  0.664138982  0.032359051  0.043941845
            180  0.706039385  0.031067609  0.039686307
            180  0.747939787  0.029056447  0.035060831
            180   0.78984019  0.026416938  0.030189752
            180  0.831740593  0.023235661  0.025187643
            180  0.873640995  0.019490402   0.02013475
            180  0.915541398  0.015310755  0.015090984
            180  0.957441801  0.010612706   0.00999822
            180  0.999342203  0.002439565   0.00220095
            225  0.203234553  0.007359835  0.032649938
            225  0.245134956   0.00943136  0.034610738
            225  0.287035359  0.012710552  0.039782107
            225  0.328935761  0.016456291  0.044979887
            225  0.370836164  0.020347791  0.049377801
            225  0.412736566  0.024049342  0.052478721
            225  0.454636969  0.027275189  0.054068155
            225  0.496537372  0.029842077  0.054191216
            225  0.538437774  0.031641183  0.053004787
            225  0.580338177  0.032662749  0.050773485
            225   0.62223858  0.032896787  0.047693134
            225  0.664138982  0.032359051  0.043941845
            225  0.706039385  0.031067609  0.039686307
            225  0.747939787  0.029056447  0.035060831
            225   0.78984019  0.026416938  0.030189752
            225  0.831740593  0.023235661  0.025187643
            225  0.873640995  0.019490402   0.02013475
            225  0.915541398  0.015310755  0.015090984
            225  0.957441801  0.010612706   0.00999822
            225  0.999342203  0.002439565   0.00220095
            270  0.203234553  0.007359835  0.032649938
            270  0.245134956   0.00943136  0.034610738
            270  0.287035359  0.012710552  0.039782107
            270  0.328935761  0.016456291  0.044979887
            270  0.370836164  0.020347791  0.049377801
            270  0.412736566  0.024049342  0.052478721
            270  0.454636969  0.027275189  0.054068155
            270  0.496537372  0.029842077  0.054191216
            270  0.538437774  0.031641183  0.053004787
            270  0.580338177  0.032662749  0.050773485
            270   0.62223858  0.032896787  0.047693134
            270  0.664138982  0.032359051  0.043941845
            270  0.706039385  0.031067609  0.039686307
            270  0.747939787  0.029056447  0.035060831
            270   0.78984019  0.026416938  0.030189752
            270  0.831740593  0.023235661  0.025187643
            270  0.873640995  0.019490402   0.02013475
            270  0.915541398  0.015310755  0.015090984
            270  0.957441801  0.010612706   0.00999822
            270  0.999342203  0.002439565   0.00220095
            315  0.203234553  0.007359835  0.032649938
            315  0.245134956   0.00943136  0.034610738
            315  0.287035359  0.012710552  0.039782107
            315  0.328935761  0.016456291  0.044979887
            315  0.370836164  0.020347791  0.049377801
            315  0.412736566  0.024049342  0.052478721
            315  0.454636969  0.027275189  0.054068155
            315  0.496537372  0.029842077  0.054191216
            315  0.538437774  0.031641183  0.053004787
            315  0.580338177  0.032662749  0.050773485
            315   0.62223858  0.032896787  0.047693134
            315  0.664138982  0.032359051  0.043941845
            315  0.706039385  0.031067609  0.039686307
            315  0.747939787  0.029056447  0.035060831
            315   0.78984019  0.026416938  0.030189752
            315  0.831740593  0.023235661  0.025187643
            315  0.873640995  0.019490402   0.02013475
            315  0.915541398  0.015310755  0.015090984
            315  0.957441801  0.010612706   0.00999822
            315  0.999342203  0.002439565   0.00220095

    Propeller 1:
    ++++++++++++
      UID                               : prop1
      Symmetry                          : none
      Name                              : prop1
      Description                       : prop1
      x-Location                        : 5.97 m
      y-Location                        : 3.56595 m
      z-Location                        : 1.7265 m
      Diameter                          : 3.76065 m
      Tilt angle                        : 0 deg
      Toe angle                         : 0 deg
      Velocity field UID                : Field1
      Velocity field index number       : 1 (UID: Field1) 
      Sense of rotation                 : 1 (clockwise when looking in flight direction)

    Propeller 2:
    ++++++++++++
      UID                               : prop2
      Symmetry                          : none
      Name                              : prop2
      Description                       : prop2
      x-Location                        : 5.97 m
      y-Location                        : -3.56595 m
      z-Location                        : 1.7265 m
      Diameter                          : 3.76065 m
      Tilt angle                        : 0 deg
      Toe angle                         : 0 deg
      Velocity field UID                : Field1
      Velocity field index number       : 1 (UID: Field1) 
      Sense of rotation                 : -1 (counter-clockwise when looking in flight direction)

    Slipstream development parameters (SDP)
    +++++++++++++++++++++++++++++++++++++++
      Vertical   slipstream deflection  : 0 deg
      Horizontal slipstream deflection  : 0 deg
      Read        SDP 3                 : 0
      Read        SDP 4                 : 0
      Read        SDP 5                 : 0
      Read        SDP 6                 : 0
      Read        SDP 7                 : 0
      Read        SDP 8                 : 0


OPERATING CONDITION(S)
======================
  AeroCase computation mode

  Definition of AeroCase 1:
  **************************
    UID of AeroCase                     : AC_1
    Name of AeroCase                    : AC_1
    Description of AeroCase             : AC_1 (ISA, TargetCl)
    Atmospheric Model                   : ISA
      Temperature offset                : 0 K
    Altitude                            : 8000 m
    Speed of Sound          (calculated): 308.063 m/s
    Kinematic Viscosity     (calculated): 2.90721e-05 m^2/s
    Airspeed                (calculated): 135.548 m/s
    Reynolds reference length           : 1.9601 m
    Mach-Number                         : 0.44
    Reynolds-Number         (calculated): 9.1389e+06
    Angle of Sideslip                   : 0 deg
    Target Lift Coefficient             : 0.8


ETA-KSI-TABLE
=============

  Wing No.: 1 (UID: wing)
  ***********************************************************
    Segment index :          1          1          1          1          1          1          1          1          1          1          1          1          1          1          1          1          1          1          1          1          1          1          1          1          1          1          2          2          2          2          2          2          2          2          2          3          3          3          3          3          3          3          3          3          4          4          4          4          4          4          4          4          4          4          4          4          4          4          4          4          4          4          4          4          4          4          4          4          4          4
    Eta     index :          1          2          3          4          5          6          7          8          9         10         11         12         13         14         15         16         17         18         19         20         21         22         23         24         25         26          1          2          3          4          5          6          7          8          9          1          2          3          4          5          6          7          8          9          1          2          3          4          5          6          7          8          9         10         11         12         13         14         15         16         17         18         19         20         21         22         23         24         25         26
    Eta     value :          0       0.04       0.08       0.12       0.16        0.2       0.24       0.28       0.32       0.36        0.4       0.44       0.48       0.52       0.56        0.6       0.64       0.68       0.72       0.76        0.8       0.84       0.88       0.92       0.96          1          0  0.1346959  0.2693917  0.4040876  0.5387835  0.6734794  0.8081752  0.9428711          1          0  0.0571289  0.1918248  0.3265206  0.4612165  0.5959124  0.7306083  0.8653041          1          0       0.04       0.08       0.12       0.16        0.2       0.24       0.28       0.32       0.36        0.4       0.44       0.48       0.52       0.56        0.6       0.64       0.68       0.72       0.76        0.8       0.84       0.88       0.92       0.96          1
    +++++++++++++++++++++++++++++++++++++++++++++++++++++++++++++++++++++++++++++++++++++++++++++++++++++++++++++++++++++++++++++++++++++++++++++++++++++++++++++++++++++++++++++++++++++++++++++++++++++++++++++++++++++++++++++++++++++++++++++++++++++++++++++++++++++++++++++++++++++++++++++++++++++++++++++++++++++++++++++++++++++++++++++++++++++++++++++++++++++++++++++++++++++++++++++++++++++++++++++++++++++++++++++++++++++++++++++++++++++++++++++++++++++++++++++++++++++++++++++++++++++++++++++++++++++++++++++++++++++++++++++++++++++++++++++++++++++++++++++++++++++++++++++++++++++++++++++++++++++++++++++++++++++++++++++++++++++++++++++++++++++++++++++++++++++++++++++++++++++++++++++++++++++++++++++++++++++++++++++++++++++++++++++++++++++++++++++++++++++++++++++++++++++++++++++++++
    Ksi line     1:          0          0          0          0          0          0          0          0          0          0          0          0          0          0          0          0          0          0          0          0          0          0          0          0          0          0          0          0          0          0          0          0          0          0          0          0          0          0          0          0          0          0          0          0          0          0          0          0          0          0          0          0          0          0          0          0          0          0          0          0          0          0          0          0          0          0          0          0          0          0
    Ksi line     2:  0.3333333  0.3333333  0.3333333  0.3333333  0.3333333  0.3333333  0.3333333  0.3333333  0.3333333  0.3333333  0.3333333  0.3333333  0.3333333  0.3333333  0.3333333  0.3333333  0.3333333  0.3333333  0.3333333  0.3333333  0.3333333  0.3333333  0.3333333  0.3333333  0.3333333  0.3333333  0.3333333  0.3333333  0.3333333  0.3333333  0.3333333  0.3333333  0.3333333  0.3333333  0.3333333  0.3333333  0.3333333  0.3333333  0.3333333  0.3333333  0.3333333  0.3333333  0.3333333  0.3333333  0.3333333  0.3333333  0.3333333  0.3333333  0.3333333  0.3333333  0.3333333  0.3333333  0.3333333  0.3333333  0.3333333  0.3333333  0.3333333  0.3333333  0.3333333  0.3333333  0.3333333  0.3333333  0.3333333  0.3333333  0.3333333  0.3333333  0.3333333  0.3333333  0.3333333  0.3333333
    Ksi line     3:  0.6666667  0.6666667  0.6666667  0.6666667  0.6666667  0.6666667  0.6666667  0.6666667  0.6666667  0.6666667  0.6666667  0.6666667  0.6666667  0.6666667  0.6666667  0.6666667  0.6666667  0.6666667  0.6666667  0.6666667  0.6666667  0.6666667  0.6666667  0.6666667  0.6666667  0.6666667  0.6666667  0.6666667  0.6666667  0.6666667  0.6666667  0.6666667  0.6666667  0.6666667  0.6666667  0.6666667  0.6666667  0.6666667  0.6666667  0.6666667  0.6666667  0.6666667  0.6666667  0.6666667  0.6666667  0.6666667  0.6666667  0.6666667  0.6666667  0.6666667  0.6666667  0.6666667  0.6666667  0.6666667  0.6666667  0.6666667  0.6666667  0.6666667  0.6666667  0.6666667  0.6666667  0.6666667  0.6666667  0.6666667  0.6666667  0.6666667  0.6666667  0.6666667  0.6666667  0.6666667
    Ksi line     4:          1          1          1          1          1          1          1          1          1          1          1          1          1          1          1          1          1          1          1          1          1          1          1          1          1          1          1          1          1          1          1          1          1          1          1          1          1          1          1          1          1          1          1          1          1          1          1          1          1          1          1          1          1          1          1          1          1          1          1          1          1          1          1          1          1          1          1          1          1          1
    +++++++++++++++++++++++++++++++++++++++++++++++++++++++++++++++++++++++++++++++++++++++++++++++++++++++++++++++++++++++++++++++++++++++++++++++++++++++++++++++++++++++++++++++++++++++++++++++++++++++++++++++++++++++++++++++++++++++++++++++++++++++++++++++++++++++++++++++++++++++++++++++++++++++++++++++++++++++++++++++++++++++++++++++++++++++++++++++++++++++++++++++++++++++++++++++++++++++++++++++++++++++++++++++++++++++++++++++++++++++++++++++++++++++++++++++++++++++++++++++++++++++++++++++++++++++++++++++++++++++++++++++++++++++++++++++++++++++++++++++++++++++++++++++++++++++++++++++++++++++++++++++++++++++++++++++++++++++++++++++++++++++++++++++++++++++++++++++++++++++++++++++++++++++++++++++++++++++++++++++++++++++++++++++++++++++++++++++++++++++++++++++++++++++++++++++++
    LE, TE, US, LS:    0 0 0 0    0 0 0 0    0 0 0 0    0 0 0 0    0 0 0 0    0 0 0 0    0 0 0 0    0 0 0 0    0 0 0 0    0 0 0 0    0 0 0 0    0 0 0 0    0 0 0 0    0 0 0 0    0 0 0 0    0 0 0 0    0 0 0 0    0 0 0 0    0 0 0 0    0 0 0 0    0 0 0 0    0 0 0 0    0 0 0 0    0 0 0 0    0 0 0 0    0 0 0 0    0 0 0 0    0 0 0 0    0 0 0 0    0 0 0 0    0 0 0 0    0 0 0 0    0 0 0 0    0 0 0 1    0 0 0 1    0 0 0 1    0 0 0 0    0 0 0 0    0 0 0 0    0 0 0 0    0 0 0 0    0 0 0 0    0 0 0 0    0 0 0 0    0 0 0 0    0 0 0 0    0 0 0 0    0 0 0 0    0 0 0 0    0 0 0 0    0 0 0 0    0 0 0 0    0 0 0 0    0 0 0 0    0 0 0 0    0 0 0 0    0 0 0 0    0 0 0 0    0 0 0 0    0 0 0 0    0 0 0 0    0 0 0 0    0 0 0 0    0 0 0 0    0 0 0 0    0 0 0 0    0 0 0 0    0 0 0 0    0 0 0 0    0 0 0 0  Points inside UID :main_fuselage
    LE, TE, US, LS:    1 1 1 1    1 1 1 1    1 1 1 1    1 1 1 1    1 1 1 1    1 1 1 1    1 1 1 1    1 1 1 1    1 1 1 1    1 1 1 1    1 1 1 1    1 1 1 1    1 1 1 1    1 1 1 1    1 1 1 1    1 1 1 1    1 1 1 1    1 1 1 1    1 1 1 1    1 1 1 1    1 1 1 1    1 1 1 1    1 1 1 1    1 1 1 1    1 1 1 1    1 1 1 1    1 1 1 1    1 1 1 1    1 1 1 1    1 1 1 1    1 1 1 1    1 1 1 1    1 1 1 1    1 1 1 1    1 1 1 1    1 1 1 1    1 1 1 1    1 1 1 1    1 1 1 1    1 1 1 1    1 1 1 1    1 1 1 1    1 1 1 1    1 1 1 1    1 1 1 1    1 1 1 1    1 1 1 1    1 1 1 1    1 1 1 1    1 1 1 1    1 1 1 1    1 1 1 1    1 1 1 1    1 1 1 1    1 1 1 1    1 1 1 1    1 1 1 1    1 1 1 1    1 1 1 1    1 1 1 1    1 1 1 1    1 1 1 1    1 1 1 1    1 1 1 1    1 1 1 1    1 1 1 1    1 1 1 1    1 1 1 1    1 1 1 1    1 1 1 1  Points inside UID :wing
    LE, TE, US, LS:    0 0 0 0    0 0 0 0    0 0 0 0    0 0 0 0    0 0 0 0    0 0 0 0    0 0 0 0    0 0 0 0    0 0 0 0    0 0 0 0    0 0 0 0    0 0 0 0    0 0 0 0    0 0 0 0    0 0 0 0    0 0 0 0    0 0 0 0    0 0 0 0    0 0 0 0    0 0 0 0    0 0 0 0    0 0 0 0    0 0 0 0    0 0 0 0    0 0 0 0    0 0 0 0    0 0 0 0    0 0 0 0    0 0 0 0    0 0 0 0    0 0 0 0    0 0 0 0    0 0 0 0    0 0 0 0    0 0 0 0    0 0 0 0    0 0 0 0    0 0 0 0    0 0 0 0    0 0 0 0    0 0 0 0    0 0 0 0    0 0 0 0    0 0 0 0    0 0 0 0    0 0 0 0    0 0 0 0    0 0 0 0    0 0 0 0    0 0 0 0    0 0 0 0    0 0 0 0    0 0 0 0    0 0 0 0    0 0 0 0    0 0 0 0    0 0 0 0    0 0 0 0    0 0 0 0    0 0 0 0    0 0 0 0    0 0 0 0    0 0 0 0    0 0 0 0    0 0 0 0    0 0 0 0    0 0 0 0    0 0 0 0    0 0 0 0    0 0 0 0  Points inside UID :htp
    LE, TE, US, LS:    0 0 0 0    0 0 0 0    0 0 0 0    0 0 0 0    0 0 0 0    0 0 0 0    0 0 0 0    0 0 0 0    0 0 0 0    0 0 0 0    0 0 0 0    0 0 0 0    0 0 0 0    0 0 0 0    0 0 0 0    0 0 0 0    0 0 0 0    0 0 0 0    0 0 0 0    0 0 0 0    0 0 0 0    0 0 0 0    0 0 0 0    0 0 0 0    0 0 0 0    0 0 0 0    0 0 0 0    0 0 0 0    0 0 0 0    0 0 0 0    0 0 0 0    0 0 0 0    0 0 0 0    0 0 0 0    0 0 0 0    0 0 0 0    0 0 0 0    0 0 0 0    0 0 0 0    0 0 0 0    0 0 0 0    0 0 0 0    0 0 0 0    0 0 0 0    0 0 0 0    0 0 0 0    0 0 0 0    0 0 0 0    0 0 0 0    0 0 0 0    0 0 0 0    0 0 0 0    0 0 0 0    0 0 0 0    0 0 0 0    0 0 0 0    0 0 0 0    0 0 0 0    0 0 0 0    0 0 0 0    0 0 0 0    0 0 0 0    0 0 0 0    0 0 0 0    0 0 0 0    0 0 0 0    0 0 0 0    0 0 0 0    0 0 0 0    0 0 0 0  Points inside UID :vtp


  Wing No.: 2 (UID: htp)
  ***********************************************************
    Segment index :          1          1          1          1          1          1          1          2          2          2          2          2          2
    Eta     index :          1          2          3          4          5          6          7          1          2          3          4          5          6
    Eta     value :          0   0.324707  0.6494141  0.9741211  0.9753342  0.9888233          1          0  0.0112305  0.0252316  0.3501544  0.6750772          1
    ++++++++++++++++++++++++++++++++++++++++++++++++++++++++++++++++++++++++++++++++++++++++++++++++++++++++++++++++++++++++++++++++++++++++++++++++++++++++++++++
    Ksi line     1:          0          0          0          0          0          0          0          0          0          0          0          0          0
    Ksi line     2:          1          1          1          1          1          1          1          1          1          1          1          1          1
    ++++++++++++++++++++++++++++++++++++++++++++++++++++++++++++++++++++++++++++++++++++++++++++++++++++++++++++++++++++++++++++++++++++++++++++++++++++++++++++++
    LE, TE, US, LS:    0 0 0 0    0 0 0 0    0 0 0 0    0 0 0 0    0 0 0 0    0 0 0 0    0 0 0 0    0 0 0 0    0 0 0 0    0 0 0 0    0 0 0 0    0 0 0 0    0 0 0 0  Points inside UID :main_fuselage
    LE, TE, US, LS:    0 0 0 0    0 0 0 0    0 0 0 0    0 0 0 0    0 0 0 0    0 0 0 0    0 0 0 0    0 0 0 0    0 0 0 0    0 0 0 0    0 0 0 0    0 0 0 0    0 0 0 0  Points inside UID :wing
    LE, TE, US, LS:    1 1 1 1    1 1 1 1    1 1 1 1    1 1 1 1    1 1 1 1    1 1 1 1    1 1 1 1    1 1 1 1    1 1 1 1    1 1 1 1    1 1 1 1    1 1 1 1    1 1 1 1  Points inside UID :htp
    LE, TE, US, LS:    0 0 0 0    0 0 0 0    0 0 0 0    0 0 0 1    0 0 1 1    0 1 1 1    0 1 1 1    0 1 1 1    0 0 1 1    0 0 0 0    0 0 0 0    0 0 0 0    0 0 0 0  Points inside UID :vtp


  Wing No.: 3 (UID: vtp)
  ***********************************************************
    Segment index :          1          1          1          1          1          1          1
    Eta     index :          1          2          3          4          5          6          7
    Eta     value :          0  0.0131836  0.0406487  0.0664125  0.3776084  0.6888042          1
    ++++++++++++++++++++++++++++++++++++++++++++++++++++++++++++++++++++++++++++++++++++++++++++
    Ksi line     1:          0          0          0          0          0          0          0
    Ksi line     2:          1          1          1          1          1          1          1
    ++++++++++++++++++++++++++++++++++++++++++++++++++++++++++++++++++++++++++++++++++++++++++++
    LE, TE, US, LS:    1 1 1 1    1 0 1 1    1 0 0 0    0 0 0 0    0 0 0 0    0 0 0 0    0 0 0 0  Points inside UID :main_fuselage
    LE, TE, US, LS:    0 0 0 0    0 0 0 0    0 0 0 0    0 0 0 0    0 0 0 0    0 0 0 0    0 0 0 0  Points inside UID :wing
    LE, TE, US, LS:    0 0 0 0    0 0 0 0    0 0 0 0    0 0 0 0    0 0 0 0    0 0 0 0    0 0 0 0  Points inside UID :htp
    LE, TE, US, LS:    1 1 1 1    1 1 1 1    1 1 1 1    1 1 1 1    1 1 1 1    1 1 1 1    1 1 1 1  Points inside UID :vtp



DATA VAUES
==========

    AeroCase 1
    UID                                 : AC_1
  ***********************************************************
    Aerodynamic coefficients initialized to 0.


TECPLOT GEOMETRY OUTPUT
=======================
  Header written
  Zones written
  TECPLOT geometry outputfile written
  File copied into returndirectory


LIFTING_LINE Control
====================
  Old LIFTING_LINE inputfiles           : Deleted
  Old LIFTING_LINE outputdirectories    : Deleted
  Parallel threads used for computation : 16

  Case 1 / 1 (AeroCase / AeroMap UID: 'AC_1')
    Alt: 8000 m; M: 0.44; Re: 9.1389e+06; AoS: 0 deg; Target-CL: 0.8
    -----------------------------------------------------------------------------
    EXTENDED DEBUG OUTPUT
    -----------------------------------------------------------------------------
  *******************************************************************************
      Thread used for computation  : 0
      LIFTING_LINE inputfile       : written to file: "CPACS4LILI_LILI-Config_1.inp"
      LIFTING_LINE computation     : started ...
                                             ... finished
      Reading data from            : LIFTING_LINE output-file
      LIFTING_LINE inputfile       : archived to directory "ReturnDirectory/"
      LIFTING_LINE output directory: archived to directory "ReturnDirectory/"
      LIFTING_LINE inputfile       : deleted
      LIFTING_LINE output directory: deleted

  All Case Computations                : Completed


TECPLOT COEFFICIENT DISTRIBUTION OUTPUT
=======================================
  Header written
  Zones written
  TECPLOT coefficient distribution outputfile written
  File copied into returndirectory


TECPLOT AEROCASE TOTAL COEFFICIENT OUTPUT
=========================================
  Header written
  Zones written
  TECPLOT total coefficient outputfile written
  File copied into returndirectory


XML Output
==========
  XML output structure created
  Reference values inserted
  Inserting AeroCases
  AeroCases inserted
  XML outputfile written

>>> CPACS4LILI completed successfully!

****************************************************************************************************
* Wed Sep 20 13:31:59 2023: ... logging ended                                                      *
****************************************************************************************************

