****************************************************************************************************
* LIFTING_LINE V3.1.1                                                                              *
* (More precisely, this is CPACS4LILI V3.1.1)                                                      *
* ================================================================================================ *
* CPACS4LILI is the CPACS interface to the LIFTING_LINE aerodynamics tool                          *
* CPACS interface: CPACS4LILI   V3.1.1                                                             *
*   for          : LIFTING_LINE V3.1                                                               *
*   and          : POLINT       V1.6                                                               *
*   using        : CPACS Schema V3.3                                                               *
*   and          : Tool  Schema V3.3.0                                                             *
*   with         : TIXI         V3.1.1                                                             *
*   and          : TIGL         V3.2.1                                                             *
* ------------------------------------------------------------------------------------------------ *
* (c) Deutsches Zentrum fuer Luft- und Raumfahrt e.V. (DLR)                                        *
*     German Aerospace Center                                                                      *
*     Carsten Liersch                                                                              *
*     2006 - 2021                                                                                  *
* ------------------------------------------------------------------------------------------------ *
* Wed Sep 13 14:29:53 2023: Logging started ...                                                    *
****************************************************************************************************

No Input filename passed by command-line -> Entering interactive mode
No Output filename passed by command-line -> Entering interactive mode
GENERAL INFORMATION
===================
  EPS for comparison of values          : 1e-08
  EPS for comparison of geometry values : 0.001
  Name of XML-Inputfile                 : './LILI/atr72-500_out/propTrue_RPM800/propTrue_RPM800.xml'
  Name of XML-Outputfile                : 'output'
  Inputfile for                         : 'LIFTING_LINE / V3.1.1'
    CPACS Version / Tool schema Version : 'V3.3 / V3.3.0'
  CPACS dataset name                    : 'atr72-500_out'
  Created by                            : 'Chang Xu'
  Timestamp                             : '2023-08-18T12:00:00'
  Version                               : '1.0'
  CPACS Version                         : '3.3'
  UID of selected aircraft model        : 'AircraftModel'
  Name of selected aircraft model       : 'atr72-500_out'
  Description of selected aircraft model: 'atr72-500_out'
  Dataset name for calculation          : 'AircraftModel'


GEOMETRY
========
  CPACS-Geometry successfully read by TIGL


REFERENCE VALUES
================
  Area                                  : 61 m^2
  Length for rolling  moment            : 2.31116 m
  Length for pitching moment            : 2.31116 m
  Length for yawing   moment            : 2.31116 m
  Moment reference point X              : 11.3695 m
  Moment reference point Y              : 6.1504 m
  Moment reference point Z              : 1.32342 m


LIFTING_LINE-PARAMETERS
=======================
  Default AeroCase Output Depth         : STRIPS
  Using POLINT                          : NO
  Using PropModule                      : YES
  Archive mode                          : 2 (Archive all)
  Parallel computation                  : 0 (Maximum number of available processors / cores)

  Paneling of Wing 1
  *********************
    Wing UID                            : wing
    Spanwise paneling                   : 15
    Chordwise paneling                  : 2

  Paneling of Wing 2
  *********************
    Wing UID                            : htp
    Spanwise paneling                   : 1
    Chordwise paneling                  : 0

  Paneling of Wing 3
  *********************
    Wing UID                            : vtp
    Spanwise paneling                   : 1
    Chordwise paneling                  : 0

  Propeller module
  ****************

    Propeller-induced velocity field 1:
    +++++++++++++++++++++++++++++++++++++
      UID                               : Field1
      NAME                              : Field1
      Description                       : propInducedVelocityField1
      Number of azimuthal positions     : 8
      Number of radial positions        : 20
      Propeller-induced velocities (at propeller plane)
      Phi [deg]           rR       Vax/V0       Vtn/V0
      -------------------------------------------------
              0  0.203234553  0.008041963  0.035676021
              0  0.245134956  0.010232153  0.037552815
              0  0.287035359  0.013725383  0.042962404
              0  0.328935761  0.017720759  0.048438781
              0  0.370836164  0.021869097  0.053071618
              0  0.412736566  0.025817975   0.05633915
              0  0.454636969   0.02927259  0.058027714
              0  0.496537372  0.032041132  0.058183945
              0  0.538437774  0.034004766   0.05696331
              0  0.580338177  0.035143991    0.0546297
              0   0.62223858  0.035442501  0.051383257
              0  0.664138982  0.034911494  0.047407685
              0  0.706039385  0.033562268  0.042872883
              0  0.747939787  0.031428148  0.037922307
              0   0.78984019  0.028607692  0.032693106
              0  0.831740593  0.025191597  0.027307891
              0  0.873640995  0.021152684  0.021851893
              0  0.915541398  0.016624048   0.01638544
              0  0.957441801   0.01149748  0.010831812
              0  0.999342203  0.002594159  0.002340423
             45  0.203234553  0.008041963  0.035676021
             45  0.245134956  0.010232153  0.037552815
             45  0.287035359  0.013725383  0.042962404
             45  0.328935761  0.017720759  0.048438781
             45  0.370836164  0.021869097  0.053071618
             45  0.412736566  0.025817975   0.05633915
             45  0.454636969   0.02927259  0.058027714
             45  0.496537372  0.032041132  0.058183945
             45  0.538437774  0.034004766   0.05696331
             45  0.580338177  0.035143991    0.0546297
             45   0.62223858  0.035442501  0.051383257
             45  0.664138982  0.034911494  0.047407685
             45  0.706039385  0.033562268  0.042872883
             45  0.747939787  0.031428148  0.037922307
             45   0.78984019  0.028607692  0.032693106
             45  0.831740593  0.025191597  0.027307891
             45  0.873640995  0.021152684  0.021851893
             45  0.915541398  0.016624048   0.01638544
             45  0.957441801   0.01149748  0.010831812
             45  0.999342203  0.002594159  0.002340423
             90  0.203234553  0.008041963  0.035676021
             90  0.245134956  0.010232153  0.037552815
             90  0.287035359  0.013725383  0.042962404
             90  0.328935761  0.017720759  0.048438781
             90  0.370836164  0.021869097  0.053071618
             90  0.412736566  0.025817975   0.05633915
             90  0.454636969   0.02927259  0.058027714
             90  0.496537372  0.032041132  0.058183945
             90  0.538437774  0.034004766   0.05696331
             90  0.580338177  0.035143991    0.0546297
             90   0.62223858  0.035442501  0.051383257
             90  0.664138982  0.034911494  0.047407685
             90  0.706039385  0.033562268  0.042872883
             90  0.747939787  0.031428148  0.037922307
             90   0.78984019  0.028607692  0.032693106
             90  0.831740593  0.025191597  0.027307891
             90  0.873640995  0.021152684  0.021851893
             90  0.915541398  0.016624048   0.01638544
             90  0.957441801   0.01149748  0.010831812
             90  0.999342203  0.002594159  0.002340423
            135  0.203234553  0.008041963  0.035676021
            135  0.245134956  0.010232153  0.037552815
            135  0.287035359  0.013725383  0.042962404
            135  0.328935761  0.017720759  0.048438781
            135  0.370836164  0.021869097  0.053071618
            135  0.412736566  0.025817975   0.05633915
            135  0.454636969   0.02927259  0.058027714
            135  0.496537372  0.032041132  0.058183945
            135  0.538437774  0.034004766   0.05696331
            135  0.580338177  0.035143991    0.0546297
            135   0.62223858  0.035442501  0.051383257
            135  0.664138982  0.034911494  0.047407685
            135  0.706039385  0.033562268  0.042872883
            135  0.747939787  0.031428148  0.037922307
            135   0.78984019  0.028607692  0.032693106
            135  0.831740593  0.025191597  0.027307891
            135  0.873640995  0.021152684  0.021851893
            135  0.915541398  0.016624048   0.01638544
            135  0.957441801   0.01149748  0.010831812
            135  0.999342203  0.002594159  0.002340423
            180  0.203234553  0.008041963  0.035676021
            180  0.245134956  0.010232153  0.037552815
            180  0.287035359  0.013725383  0.042962404
            180  0.328935761  0.017720759  0.048438781
            180  0.370836164  0.021869097  0.053071618
            180  0.412736566  0.025817975   0.05633915
            180  0.454636969   0.02927259  0.058027714
            180  0.496537372  0.032041132  0.058183945
            180  0.538437774  0.034004766   0.05696331
            180  0.580338177  0.035143991    0.0546297
            180   0.62223858  0.035442501  0.051383257
            180  0.664138982  0.034911494  0.047407685
            180  0.706039385  0.033562268  0.042872883
            180  0.747939787  0.031428148  0.037922307
            180   0.78984019  0.028607692  0.032693106
            180  0.831740593  0.025191597  0.027307891
            180  0.873640995  0.021152684  0.021851893
            180  0.915541398  0.016624048   0.01638544
            180  0.957441801   0.01149748  0.010831812
            180  0.999342203  0.002594159  0.002340423
            225  0.203234553  0.008041963  0.035676021
            225  0.245134956  0.010232153  0.037552815
            225  0.287035359  0.013725383  0.042962404
            225  0.328935761  0.017720759  0.048438781
            225  0.370836164  0.021869097  0.053071618
            225  0.412736566  0.025817975   0.05633915
            225  0.454636969   0.02927259  0.058027714
            225  0.496537372  0.032041132  0.058183945
            225  0.538437774  0.034004766   0.05696331
            225  0.580338177  0.035143991    0.0546297
            225   0.62223858  0.035442501  0.051383257
            225  0.664138982  0.034911494  0.047407685
            225  0.706039385  0.033562268  0.042872883
            225  0.747939787  0.031428148  0.037922307
            225   0.78984019  0.028607692  0.032693106
            225  0.831740593  0.025191597  0.027307891
            225  0.873640995  0.021152684  0.021851893
            225  0.915541398  0.016624048   0.01638544
            225  0.957441801   0.01149748  0.010831812
            225  0.999342203  0.002594159  0.002340423
            270  0.203234553  0.008041963  0.035676021
            270  0.245134956  0.010232153  0.037552815
            270  0.287035359  0.013725383  0.042962404
            270  0.328935761  0.017720759  0.048438781
            270  0.370836164  0.021869097  0.053071618
            270  0.412736566  0.025817975   0.05633915
            270  0.454636969   0.02927259  0.058027714
            270  0.496537372  0.032041132  0.058183945
            270  0.538437774  0.034004766   0.05696331
            270  0.580338177  0.035143991    0.0546297
            270   0.62223858  0.035442501  0.051383257
            270  0.664138982  0.034911494  0.047407685
            270  0.706039385  0.033562268  0.042872883
            270  0.747939787  0.031428148  0.037922307
            270   0.78984019  0.028607692  0.032693106
            270  0.831740593  0.025191597  0.027307891
            270  0.873640995  0.021152684  0.021851893
            270  0.915541398  0.016624048   0.01638544
            270  0.957441801   0.01149748  0.010831812
            270  0.999342203  0.002594159  0.002340423
            315  0.203234553  0.008041963  0.035676021
            315  0.245134956  0.010232153  0.037552815
            315  0.287035359  0.013725383  0.042962404
            315  0.328935761  0.017720759  0.048438781
            315  0.370836164  0.021869097  0.053071618
            315  0.412736566  0.025817975   0.05633915
            315  0.454636969   0.02927259  0.058027714
            315  0.496537372  0.032041132  0.058183945
            315  0.538437774  0.034004766   0.05696331
            315  0.580338177  0.035143991    0.0546297
            315   0.62223858  0.035442501  0.051383257
            315  0.664138982  0.034911494  0.047407685
            315  0.706039385  0.033562268  0.042872883
            315  0.747939787  0.031428148  0.037922307
            315   0.78984019  0.028607692  0.032693106
            315  0.831740593  0.025191597  0.027307891
            315  0.873640995  0.021152684  0.021851893
            315  0.915541398  0.016624048   0.01638544
            315  0.957441801   0.01149748  0.010831812
            315  0.999342203  0.002594159  0.002340423

    Propeller 1:
    ++++++++++++
      UID                               : prop1
      Symmetry                          : none
      Name                              : prop1
      Description                       : prop1
      x-Location                        : 9.5 m
      y-Location                        : 4.051 m
      z-Location                        : 0.941 m
      Diameter                          : 3.76065 m
      Tilt angle                        : 0 deg
      Toe angle                         : 0 deg
      Velocity field UID                : Field1
      Velocity field index number       : 1 (UID: Field1) 
      Sense of rotation                 : 1 (clockwise when looking in flight direction)

    Propeller 2:
    ++++++++++++
      UID                               : prop2
      Symmetry                          : none
      Name                              : prop2
      Description                       : prop2
      x-Location                        : 9.5 m
      y-Location                        : -4.051 m
      z-Location                        : 0.941 m
      Diameter                          : 3.76065 m
      Tilt angle                        : 0 deg
      Toe angle                         : 0 deg
      Velocity field UID                : Field1
      Velocity field index number       : 1 (UID: Field1) 
      Sense of rotation                 : -1 (counter-clockwise when looking in flight direction)

    Slipstream development parameters (SDP)
    +++++++++++++++++++++++++++++++++++++++
      Vertical   slipstream deflection  : 0 deg
      Horizontal slipstream deflection  : 0 deg
      Read        SDP 3                 : 0
      Read        SDP 4                 : 0
      Read        SDP 5                 : 0
      Read        SDP 6                 : 0
      Read        SDP 7                 : 0
      Read        SDP 8                 : 0


OPERATING CONDITION(S)
======================
  AeroCase computation mode

  Definition of AeroCase 1:
  **************************
    UID of AeroCase                     : AC_1
    Name of AeroCase                    : AC_1
    Description of AeroCase             : AC_1 (ISA, TargetCl)
    Atmospheric Model                   : ISA
      Temperature offset                : 0 K
    Altitude                            : 10668 m
    Speed of Sound          (calculated): 296.535 m/s
    Kinematic Viscosity     (calculated): 3.77624e-05 m^2/s
    Airspeed                (calculated): 130.476 m/s
    Reynolds reference length           : 2.31116 m
    Mach-Number                         : 0.44
    Reynolds-Number         (calculated): 7.98547e+06
    Angle of Sideslip                   : 0 deg
    Angle of Attack                     : 3 deg


ETA-KSI-TABLE
=============

  Wing No.: 1 (UID: wing)
  ***********************************************************
    Segment index :          1          1          1          1          1          1          1          1          1          1          1          1          1          1          1          1          1          1          1          1          1          1          1          2          2          2          2          2          2          2          2          2          2          2          2          2          2          3          3          3          3          3          3          3          3          3          3          3          3          3          3          4          4          4          4          4          4          4          4          4          4          4          4          4          4          4          4          4          4          4          4          4          4          4
    Eta     index :          1          2          3          4          5          6          7          8          9         10         11         12         13         14         15         16         17         18         19         20         21         22         23          1          2          3          4          5          6          7          8          9         10         11         12         13         14          1          2          3          4          5          6          7          8          9         10         11         12         13         14          1          2          3          4          5          6          7          8          9         10         11         12         13         14         15         16         17         18         19         20         21         22         23
    Eta     value :          0  0.0454545  0.0909091  0.1363636  0.1818182  0.2272727  0.2727273  0.3181818  0.3636364  0.4090909  0.4545455        0.5  0.5454545  0.5909091  0.6363636  0.6818182  0.7272727  0.7727273  0.8181818  0.8636364  0.9090909  0.9545455          1          0  0.1010132  0.2020264  0.3030396  0.4040527  0.5050659  0.6060791  0.7070923  0.8081055  0.8435235  0.8789415  0.8803602  0.9401801          1          0  0.0598145  0.1196289  0.1217782   0.156727  0.1916758  0.2927163  0.3937568  0.4947974  0.5958379  0.6968784  0.7979189  0.8989595          1          0  0.0454545  0.0909091  0.1363636  0.1818182  0.2272727  0.2727273  0.3181818  0.3636364  0.4090909  0.4545455        0.5  0.5454545  0.5909091  0.6363636  0.6818182  0.7272727  0.7727273  0.8181818  0.8636364  0.9090909  0.9545455          1
    +++++++++++++++++++++++++++++++++++++++++++++++++++++++++++++++++++++++++++++++++++++++++++++++++++++++++++++++++++++++++++++++++++++++++++++++++++++++++++++++++++++++++++++++++++++++++++++++++++++++++++++++++++++++++++++++++++++++++++++++++++++++++++++++++++++++++++++++++++++++++++++++++++++++++++++++++++++++++++++++++++++++++++++++++++++++++++++++++++++++++++++++++++++++++++++++++++++++++++++++++++++++++++++++++++++++++++++++++++++++++++++++++++++++++++++++++++++++++++++++++++++++++++++++++++++++++++++++++++++++++++++++++++++++++++++++++++++++++++++++++++++++++++++++++++++++++++++++++++++++++++++++++++++++++++++++++++++++++++++++++++++++++++++++++++++++++++++++++++++++++++++++++++++++++++++++++++++++++++++++++++++++++++++++++++++++++++++++++++++++++++++++++++++++++++++++++++++++++++++++++++++++++++++++++++++++++++++
    Ksi line     1:          0          0          0          0          0          0          0          0          0          0          0          0          0          0          0          0          0          0          0          0          0          0          0          0          0          0          0          0          0          0          0          0          0          0          0          0          0          0          0          0          0          0          0          0          0          0          0          0          0          0          0          0          0          0          0          0          0          0          0          0          0          0          0          0          0          0          0          0          0          0          0          0          0          0
    Ksi line     2:        0.2        0.2        0.2        0.2        0.2        0.2        0.2        0.2        0.2        0.2        0.2        0.2        0.2        0.2        0.2        0.2        0.2        0.2        0.2        0.2        0.2        0.2        0.2        0.2        0.2        0.2        0.2        0.2        0.2        0.2        0.2        0.2        0.2        0.2        0.2        0.2        0.2        0.2        0.2        0.2        0.2        0.2        0.2        0.2        0.2        0.2        0.2        0.2        0.2        0.2        0.2        0.2        0.2        0.2        0.2        0.2        0.2        0.2        0.2        0.2        0.2        0.2        0.2        0.2        0.2        0.2        0.2        0.2        0.2        0.2        0.2        0.2        0.2        0.2
    Ksi line     3:        0.4        0.4        0.4        0.4        0.4        0.4        0.4        0.4        0.4        0.4        0.4        0.4        0.4        0.4        0.4        0.4        0.4        0.4        0.4        0.4        0.4        0.4        0.4        0.4        0.4        0.4        0.4        0.4        0.4        0.4        0.4        0.4        0.4        0.4        0.4        0.4        0.4        0.4        0.4        0.4        0.4        0.4        0.4        0.4        0.4        0.4        0.4        0.4        0.4        0.4        0.4        0.4        0.4        0.4        0.4        0.4        0.4        0.4        0.4        0.4        0.4        0.4        0.4        0.4        0.4        0.4        0.4        0.4        0.4        0.4        0.4        0.4        0.4        0.4
    Ksi line     4:        0.6        0.6        0.6        0.6        0.6        0.6        0.6        0.6        0.6        0.6        0.6        0.6        0.6        0.6        0.6        0.6        0.6        0.6        0.6        0.6        0.6        0.6        0.6        0.6        0.6        0.6        0.6        0.6        0.6        0.6        0.6        0.6        0.6        0.6        0.6        0.6        0.6        0.6        0.6        0.6        0.6        0.6        0.6        0.6        0.6        0.6        0.6        0.6        0.6        0.6        0.6        0.6        0.6        0.6        0.6        0.6        0.6        0.6        0.6        0.6        0.6        0.6        0.6        0.6        0.6        0.6        0.6        0.6        0.6        0.6        0.6        0.6        0.6        0.6
    Ksi line     5:        0.8        0.8        0.8        0.8        0.8        0.8        0.8        0.8        0.8        0.8        0.8        0.8        0.8        0.8        0.8        0.8        0.8        0.8        0.8        0.8        0.8        0.8        0.8        0.8        0.8        0.8        0.8        0.8        0.8        0.8        0.8        0.8        0.8        0.8        0.8        0.8        0.8        0.8        0.8        0.8        0.8        0.8        0.8        0.8        0.8        0.8        0.8        0.8        0.8        0.8        0.8        0.8        0.8        0.8        0.8        0.8        0.8        0.8        0.8        0.8        0.8        0.8        0.8        0.8        0.8        0.8        0.8        0.8        0.8        0.8        0.8        0.8        0.8        0.8
    Ksi line     6:          1          1          1          1          1          1          1          1          1          1          1          1          1          1          1          1          1          1          1          1          1          1          1          1          1          1          1          1          1          1          1          1          1          1          1          1          1          1          1          1          1          1          1          1          1          1          1          1          1          1          1          1          1          1          1          1          1          1          1          1          1          1          1          1          1          1          1          1          1          1          1          1          1          1
    +++++++++++++++++++++++++++++++++++++++++++++++++++++++++++++++++++++++++++++++++++++++++++++++++++++++++++++++++++++++++++++++++++++++++++++++++++++++++++++++++++++++++++++++++++++++++++++++++++++++++++++++++++++++++++++++++++++++++++++++++++++++++++++++++++++++++++++++++++++++++++++++++++++++++++++++++++++++++++++++++++++++++++++++++++++++++++++++++++++++++++++++++++++++++++++++++++++++++++++++++++++++++++++++++++++++++++++++++++++++++++++++++++++++++++++++++++++++++++++++++++++++++++++++++++++++++++++++++++++++++++++++++++++++++++++++++++++++++++++++++++++++++++++++++++++++++++++++++++++++++++++++++++++++++++++++++++++++++++++++++++++++++++++++++++++++++++++++++++++++++++++++++++++++++++++++++++++++++++++++++++++++++++++++++++++++++++++++++++++++++++++++++++++++++++++++++++++++++++++++++++++++++++++++++++++++++++++
    LE, TE, US, LS:    0 0 0 0    0 0 0 0    0 0 0 0    0 0 0 0    0 0 0 0    0 0 0 0    0 0 0 0    0 0 0 0    0 0 0 0    0 0 0 0    0 0 0 0    0 0 0 0    0 0 0 0    0 0 0 0    0 0 0 0    0 0 0 0    0 0 0 0    0 0 0 0    0 0 0 0    0 0 0 0    0 0 0 0    0 0 0 0    0 0 0 0    0 0 0 0    0 0 0 0    0 0 0 0    0 0 0 0    0 0 0 0    0 0 0 0    0 0 0 0    0 0 0 0    0 0 0 1    0 0 0 1    1 0 0 1    1 1 0 1    1 1 0 1    1 1 0 1    1 1 0 1    1 1 0 1    1 0 0 1    0 0 0 1    0 0 0 1    0 0 0 0    0 0 0 0    0 0 0 0    0 0 0 0    0 0 0 0    0 0 0 0    0 0 0 0    0 0 0 0    0 0 0 0    0 0 0 0    0 0 0 0    0 0 0 0    0 0 0 0    0 0 0 0    0 0 0 0    0 0 0 0    0 0 0 0    0 0 0 0    0 0 0 0    0 0 0 0    0 0 0 0    0 0 0 0    0 0 0 0    0 0 0 0    0 0 0 0    0 0 0 0    0 0 0 0    0 0 0 0    0 0 0 0    0 0 0 0    0 0 0 0    0 0 0 0  Points inside UID :main_fuselage
    LE, TE, US, LS:    1 1 1 1    1 1 1 1    1 1 1 1    1 1 1 1    1 1 1 1    1 1 1 1    1 1 1 1    1 1 1 1    1 1 1 1    1 1 1 1    1 1 1 1    1 1 1 1    1 1 1 1    1 1 1 1    1 1 1 1    1 1 1 1    1 1 1 1    1 1 1 1    1 1 1 1    1 1 1 1    1 1 1 1    1 1 1 1    1 1 1 1    1 1 1 1    1 1 1 1    1 1 1 1    1 1 1 1    1 1 1 1    1 1 1 1    1 1 1 1    1 1 1 1    1 1 1 1    1 1 1 1    1 1 1 1    1 1 1 1    1 1 1 1    1 1 1 1    1 1 1 1    1 1 1 1    1 1 1 1    1 1 1 1    1 1 1 1    1 1 1 1    1 1 1 1    1 1 1 1    1 1 1 1    1 1 1 1    1 1 1 1    1 1 1 1    1 1 1 1    1 1 1 1    1 1 1 1    1 1 1 1    1 1 1 1    1 1 1 1    1 1 1 1    1 1 1 1    1 1 1 1    1 1 1 1    1 1 1 1    1 1 1 1    1 1 1 1    1 1 1 1    1 1 1 1    1 1 1 1    1 1 1 1    1 1 1 1    1 1 1 1    1 1 1 1    1 1 1 1    1 1 1 1    1 1 1 1    1 1 1 1    1 1 1 1  Points inside UID :wing
    LE, TE, US, LS:    0 0 0 0    0 0 0 0    0 0 0 0    0 0 0 0    0 0 0 0    0 0 0 0    0 0 0 0    0 0 0 0    0 0 0 0    0 0 0 0    0 0 0 0    0 0 0 0    0 0 0 0    0 0 0 0    0 0 0 0    0 0 0 0    0 0 0 0    0 0 0 0    0 0 0 0    0 0 0 0    0 0 0 0    0 0 0 0    0 0 0 0    0 0 0 0    0 0 0 0    0 0 0 0    0 0 0 0    0 0 0 0    0 0 0 0    0 0 0 0    0 0 0 0    0 0 0 0    0 0 0 0    0 0 0 0    0 0 0 0    0 0 0 0    0 0 0 0    0 0 0 0    0 0 0 0    0 0 0 0    0 0 0 0    0 0 0 0    0 0 0 0    0 0 0 0    0 0 0 0    0 0 0 0    0 0 0 0    0 0 0 0    0 0 0 0    0 0 0 0    0 0 0 0    0 0 0 0    0 0 0 0    0 0 0 0    0 0 0 0    0 0 0 0    0 0 0 0    0 0 0 0    0 0 0 0    0 0 0 0    0 0 0 0    0 0 0 0    0 0 0 0    0 0 0 0    0 0 0 0    0 0 0 0    0 0 0 0    0 0 0 0    0 0 0 0    0 0 0 0    0 0 0 0    0 0 0 0    0 0 0 0    0 0 0 0  Points inside UID :htp
    LE, TE, US, LS:    0 0 0 0    0 0 0 0    0 0 0 0    0 0 0 0    0 0 0 0    0 0 0 0    0 0 0 0    0 0 0 0    0 0 0 0    0 0 0 0    0 0 0 0    0 0 0 0    0 0 0 0    0 0 0 0    0 0 0 0    0 0 0 0    0 0 0 0    0 0 0 0    0 0 0 0    0 0 0 0    0 0 0 0    0 0 0 0    0 0 0 0    0 0 0 0    0 0 0 0    0 0 0 0    0 0 0 0    0 0 0 0    0 0 0 0    0 0 0 0    0 0 0 0    0 0 0 0    0 0 0 0    0 0 0 0    0 0 0 0    0 0 0 0    0 0 0 0    0 0 0 0    0 0 0 0    0 0 0 0    0 0 0 0    0 0 0 0    0 0 0 0    0 0 0 0    0 0 0 0    0 0 0 0    0 0 0 0    0 0 0 0    0 0 0 0    0 0 0 0    0 0 0 0    0 0 0 0    0 0 0 0    0 0 0 0    0 0 0 0    0 0 0 0    0 0 0 0    0 0 0 0    0 0 0 0    0 0 0 0    0 0 0 0    0 0 0 0    0 0 0 0    0 0 0 0    0 0 0 0    0 0 0 0    0 0 0 0    0 0 0 0    0 0 0 0    0 0 0 0    0 0 0 0    0 0 0 0    0 0 0 0    0 0 0 0  Points inside UID :vtp


  Wing No.: 2 (UID: htp)
  ***********************************************************
    Segment index :          1          1          1          1          1          1          1          2          2          2          2          2          2          2
    Eta     index :          1          2          3          4          5          6          7          1          2          3          4          5          6          7
    Eta     value :          0  0.3198242  0.6396484  0.9594727  0.9711876  0.9842432          1          0  0.0151367  0.0290825  0.0399864  0.3599909  0.6799955          1
    +++++++++++++++++++++++++++++++++++++++++++++++++++++++++++++++++++++++++++++++++++++++++++++++++++++++++++++++++++++++++++++++++++++++++++++++++++++++++++++++++++++++++
    Ksi line     1:          0          0          0          0          0          0          0          0          0          0          0          0          0          0
    Ksi line     2:          1          1          1          1          1          1          1          1          1          1          1          1          1          1
    +++++++++++++++++++++++++++++++++++++++++++++++++++++++++++++++++++++++++++++++++++++++++++++++++++++++++++++++++++++++++++++++++++++++++++++++++++++++++++++++++++++++++
    LE, TE, US, LS:    0 0 0 0    0 0 0 0    0 0 0 0    0 0 0 0    0 0 0 0    0 0 0 0    0 0 0 0    0 0 0 0    0 0 0 0    0 0 0 0    0 0 0 0    0 0 0 0    0 0 0 0    0 0 0 0  Points inside UID :main_fuselage
    LE, TE, US, LS:    0 0 0 0    0 0 0 0    0 0 0 0    0 0 0 0    0 0 0 0    0 0 0 0    0 0 0 0    0 0 0 0    0 0 0 0    0 0 0 0    0 0 0 0    0 0 0 0    0 0 0 0    0 0 0 0  Points inside UID :wing
    LE, TE, US, LS:    1 1 1 1    1 1 1 1    1 1 1 1    1 1 1 1    1 1 1 1    1 1 1 1    1 1 1 1    1 1 1 1    1 1 1 1    1 1 1 1    1 1 1 1    1 1 1 1    1 1 1 1    1 1 1 1  Points inside UID :htp
    LE, TE, US, LS:    0 0 0 0    0 0 0 0    0 0 0 0    0 0 1 1    1 0 1 1    1 1 1 1    1 1 1 1    1 1 1 1    1 0 1 1    0 0 1 1    0 0 0 0    0 0 0 0    0 0 0 0    0 0 0 0  Points inside UID :vtp


  Wing No.: 3 (UID: vtp)
  ***********************************************************
    Segment index :          1          1          1          1          1          1          1
    Eta     index :          1          2          3          4          5          6          7
    Eta     value :          0   0.003418  0.0253155  0.0648169  0.3765446  0.6882723          1
    ++++++++++++++++++++++++++++++++++++++++++++++++++++++++++++++++++++++++++++++++++++++++++++
    Ksi line     1:          0          0          0          0          0          0          0
    Ksi line     2:          1          1          1          1          1          1          1
    ++++++++++++++++++++++++++++++++++++++++++++++++++++++++++++++++++++++++++++++++++++++++++++
    LE, TE, US, LS:    1 1 1 1    1 0 1 1    1 0 0 0    0 0 0 0    0 0 0 0    0 0 0 0    0 0 0 0  Points inside UID :main_fuselage
    LE, TE, US, LS:    0 0 0 0    0 0 0 0    0 0 0 0    0 0 0 0    0 0 0 0    0 0 0 0    0 0 0 0  Points inside UID :wing
    LE, TE, US, LS:    0 0 0 0    0 0 0 0    0 0 0 0    0 0 0 0    0 0 0 0    0 0 0 0    0 0 0 0  Points inside UID :htp
    LE, TE, US, LS:    1 1 1 1    1 1 1 1    1 1 1 1    1 1 1 1    1 1 1 1    1 1 1 1    1 1 1 1  Points inside UID :vtp



DATA VAUES
==========

    AeroCase 1
    UID                                 : AC_1
  ***********************************************************
    Aerodynamic coefficients initialized to 0.


TECPLOT GEOMETRY OUTPUT
=======================
  Header written
  Zones written
  TECPLOT geometry outputfile written
  File copied into returndirectory


LIFTING_LINE Control
====================
  Old LIFTING_LINE inputfiles           : Deleted
  Old LIFTING_LINE outputdirectories    : Deleted
  Parallel threads used for computation : 16

  Case 1 / 1 (AeroCase / AeroMap UID: 'AC_1')
    Alt: 10668 m; M: 0.44; Re: 7.98547e+06; AoS: 0 deg; AoA: 3 deg
    -----------------------------------------------------------------------------
    EXTENDED DEBUG OUTPUT
    -----------------------------------------------------------------------------
  *******************************************************************************
      Thread used for computation  : 0
      LIFTING_LINE inputfile       : written to file: "CPACS4LILI_LILI-Config_1.inp"
      LIFTING_LINE computation     : started ...
                                             ... finished
      Reading data from            : LIFTING_LINE output-file
      LIFTING_LINE inputfile       : archived to directory "ReturnDirectory/"
      LIFTING_LINE output directory: archived to directory "ReturnDirectory/"
      LIFTING_LINE inputfile       : deleted
      LIFTING_LINE output directory: deleted

  All Case Computations                : Completed


TECPLOT COEFFICIENT DISTRIBUTION OUTPUT
=======================================
  Header written
  Zones written
  TECPLOT coefficient distribution outputfile written
  File copied into returndirectory


TECPLOT AEROCASE TOTAL COEFFICIENT OUTPUT
=========================================
  Header written
  Zones written
  TECPLOT total coefficient outputfile written
  File copied into returndirectory


XML Output
==========
  XML output structure created
  Reference values inserted
  Inserting AeroCases
  AeroCases inserted
  XML outputfile written

>>> CPACS4LILI completed successfully!

****************************************************************************************************
* Wed Sep 13 14:30:04 2023: ... logging ended                                                      *
****************************************************************************************************

