# This file contains the data of initial population
# of objectives = 1, # of constraints = 10, # of real_var = 3, # of bits of bin_var = 0, constr_violation, rank, crowding_distance
-2.674975e+06	1.000860e+01	2.599140e+01	6.104385e+00	1.896414e+00	4.601090e-01	-6.010902e-02	6.324242e-02	8.675758e-02	5.341429e-01	6.658571e-01	5.319220e-01	-3.313917e+00	1.299570e+01	-6.010902e-02	25	1.000000e+14
-2.584211e+06	2.254171e+01	1.345829e+01	1.893634e+01	-1.093554e+01	-1.859969e-01	5.859969e-01	1.343257e-01	1.567429e-02	1.433489e+00	-2.334888e-01	1.964564e+00	-1.018799e+00	6.729145e+00	-1.135503e+01	198	1.000000e+14
-2.396577e+06	2.435560e+01	1.164440e+01	2.427162e+01	-1.627082e+01	1.357881e-01	2.642119e-01	1.473641e-01	2.635918e-03	1.480568e+00	-2.805679e-01	1.251055e+00	-7.078682e-01	5.822198e+00	-1.655139e+01	254	1.000000e+14
-2.724835e+06	1.650973e+01	1.949027e+01	1.786147e+01	-9.860668e+00	6.691503e-01	-2.691503e-01	9.287944e-02	5.712056e-02	8.542356e-01	3.457644e-01	6.840465e-02	-2.805349e+00	9.745136e+00	-1.012982e+01	191	1.000000e+14
-2.637861e+06	2.174411e+01	1.425589e+01	1.875312e+01	-1.075232e+01	7.078117e-03	3.929219e-01	1.288867e-01	2.111326e-02	1.368332e+00	-1.683321e-01	1.536450e+00	1.842094e+00	7.127946e+00	-1.092066e+01	195	1.000000e+14
-2.653670e+06	2.169492e+01	1.430508e+01	1.938887e+01	-1.138807e+01	1.011028e-01	2.988972e-01	1.308515e-01	1.914854e-02	1.349835e+00	-1.498349e-01	1.327964e+00	7.428341e-01	7.152542e+00	-1.153790e+01	203	1.000000e+14
-1.911428e+06	3.881891e-01	3.561181e+01	-1.586388e+01	2.386468e+01	1.813423e-01	2.186577e-01	-1.013754e-02	1.601375e-01	1.946936e-01	1.005306e+00	1.150045e+00	5.510118e-01	1.780591e+01	-1.587402e+01	246	1.000000e+14
-2.822010e+06	1.088234e+01	2.511766e+01	-5.936350e+00	1.393715e+01	-2.110063e-01	6.110063e-01	6.899636e-02	8.100364e-02	9.366193e-01	2.633807e-01	2.020019e+00	-1.509573e+00	1.255883e+01	-6.147356e+00	149	1.000000e+14
-1.665912e+06	9.784892e-01	3.502151e+01	-5.060029e+00	1.306083e+01	5.007685e-01	-1.007685e-01	-2.391358e-02	1.739136e-01	-1.014242e-01	1.301424e+00	4.417657e-01	-4.867216e-01	1.751076e+01	-5.286136e+00	135	1.000000e+14
-2.612974e+06	2.164572e+01	1.435428e+01	2.337595e+01	-1.537515e+01	6.235837e-01	-2.235837e-01	1.310726e-01	1.892738e-02	1.239377e+00	-3.937735e-02	1.694416e-01	1.719689e+00	7.177138e+00	-1.563812e+01	243	1.000000e+14
-2.573666e+06	2.270966e+01	1.329034e+01	1.986238e+01	-1.186158e+01	-9.913818e-02	4.991382e-01	1.363228e-01	1.367721e-02	1.429361e+00	-2.293606e-01	1.771968e+00	1.274615e-02	6.645172e+00	-1.219007e+01	210	1.000000e+14
-2.137999e+06	7.019454e+00	2.898055e+01	4.380282e+00	3.620517e+00	5.594225e-01	-1.594225e-01	1.892133e-02	1.310787e-01	2.496164e-01	9.503836e-01	3.117093e-01	8.598970e-01	1.449027e+01	-1.594225e-01	38	1.000000e+14
-2.944415e+06	1.748822e+01	1.851178e+01	1.349936e+01	-5.498557e+00	2.274417e-01	1.725583e-01	1.133959e-01	3.660413e-02	1.097058e+00	1.029416e-01	1.047827e+00	-4.345978e+00	9.255892e+00	-5.498557e+00	138	1.000000e+14
-2.853203e+06	1.738983e+01	1.861017e+01	1.421813e+01	-6.217335e+00	2.977016e-01	1.022984e-01	1.041575e-01	4.584248e-02	1.068021e+00	1.319787e-01	8.920360e-01	1.925516e+00	9.305084e+00	-6.217335e+00	151	1.000000e+14
-2.866904e+06	1.737774e+01	1.862226e+01	1.712599e+01	-9.125187e+00	5.312771e-01	-1.312771e-01	1.081413e-01	4.185870e-02	9.789319e-01	2.210681e-01	3.741176e-01	-2.566958e+00	9.311128e+00	-9.256464e+00	182	1.000000e+14
-1.889687e+06	1.246163e+00	3.475384e+01	-2.575599e+01	3.375679e+01	-1.913978e-01	5.913978e-01	-1.426649e-02	1.642665e-01	5.112195e-01	6.887805e-01	1.976540e+00	1.316051e+00	1.737692e+01	-2.596166e+01	297	1.000000e+14
-2.892915e+06	1.898953e+01	1.701047e+01	1.703215e+01	-9.031348e+00	3.281386e-01	7.186142e-02	1.201287e-01	2.987135e-02	1.150614e+00	4.938601e-02	8.245466e-01	-3.926667e+00	8.505236e+00	-9.031348e+00	177	1.000000e+14
-2.801550e+06	1.742779e+00	3.425722e+01	-2.686970e+01	3.487050e+01	-2.635616e-01	6.635616e-01	5.118280e-02	9.881720e-02	5.749798e-01	6.250202e-01	2.136552e+00	-2.767892e+00	1.712861e+01	-2.713326e+01	298	1.000000e+14
-2.963836e+06	1.357426e+01	2.242574e+01	6.288813e+00	1.711986e+00	1.784369e-01	2.215631e-01	9.479783e-02	5.520217e-02	9.039211e-01	2.960789e-01	1.156488e+00	-4.199779e+00	1.121287e+01	0.000000e+00	2	1.000000e+14
-2.126482e+06	8.806934e+00	2.719307e+01	8.516821e+00	-5.160214e-01	6.445813e-01	-2.445813e-01	2.243197e-02	1.275680e-01	2.974409e-01	9.025591e-01	1.228825e-01	8.710542e-01	1.359653e+01	-7.606028e-01	67	1.000000e+14
-2.791076e+06	8.779666e+00	2.722033e+01	-6.950177e-01	8.695817e+00	2.284888e-01	1.715112e-01	6.604078e-02	8.395922e-02	6.167193e-01	5.832807e-01	1.045505e+00	-2.999502e+00	1.361017e+01	-6.950177e-01	66	1.000000e+14
-2.653708e+06	2.081293e+01	1.518707e+01	2.268743e+01	-1.468663e+01	6.585929e-01	-2.585929e-01	1.230230e-01	2.697704e-02	1.171715e+00	2.828522e-02	9.181395e-02	1.876530e+00	7.593533e+00	-1.494522e+01	234	1.000000e+14
-2.863465e+06	1.898504e+01	1.701496e+01	1.728109e+01	-9.280287e+00	3.519360e-01	4.806400e-02	1.167485e-01	3.325147e-02	1.143280e+00	5.672036e-02	7.717794e-01	-4.792828e-01	8.507482e+00	-9.280287e+00	184	1.000000e+14
-2.244755e+06	5.321376e+00	3.067862e+01	-1.214625e+01	2.014705e+01	4.160371e-03	3.958396e-01	1.692570e-02	1.330743e-01	5.774116e-01	6.225884e-01	1.542919e+00	1.078339e+00	1.533931e+01	-1.214625e+01	209	1.000000e+14
-2.244065e+06	2.552017e+01	1.047983e+01	2.698361e+01	-1.898281e+01	3.334759e-01	6.652414e-02	1.543173e-01	-4.317344e-03	1.524991e+00	-3.249910e-01	8.127120e-01	-1.336423e+00	5.239914e+00	-1.931212e+01	278	1.000000e+14
-2.240019e+06	2.561202e+01	1.038798e+01	2.634706e+01	-1.834626e+01	1.053713e-01	2.946287e-01	1.535690e-01	-3.568954e-03	1.546998e+00	-3.469982e-01	1.318499e+00	-1.040364e+00	5.193990e+00	-1.869683e+01	272	1.000000e+14
-2.883353e+06	1.340423e+01	2.259577e+01	3.414460e+00	4.586340e+00	2.564602e-02	3.743540e-01	8.404745e-02	6.595255e-02	9.589676e-01	2.410324e-01	1.495278e+00	-1.286942e+00	1.129789e+01	0.000000e+00	6	1.000000e+14
-2.506908e+06	1.283879e+01	2.316121e+01	1.375986e+01	-5.759060e+00	6.744925e-01	-2.744925e-01	6.085951e-02	8.914049e-02	5.757809e-01	6.242191e-01	5.655907e-02	-4.151365e+00	1.158060e+01	-6.033553e+00	147	1.000000e+14
-2.860213e+06	1.392999e+01	2.207001e+01	9.986438e+00	-1.985639e+00	3.678632e-01	3.213682e-02	8.841373e-02	6.158627e-02	8.351703e-01	3.648297e-01	7.364633e-01	-1.987752e+00	1.103501e+01	-1.985639e+00	87	1.000000e+14
-2.510570e+06	1.220652e+01	2.379348e+01	1.161333e+01	-3.612530e+00	5.963197e-01	-1.963197e-01	5.914857e-02	9.085143e-02	5.856167e-01	6.143833e-01	2.298953e-01	9.833675e-01	1.189674e+01	-3.808850e+00	120	1.000000e+14
-2.359051e+06	2.450318e+01	1.149682e+01	2.654255e+01	-1.854175e+01	5.709958e-01	-1.709958e-01	1.496623e-01	3.376644e-04	1.440074e+00	-2.400736e-01	2.860472e-01	-1.866695e+00	5.748410e+00	-1.895282e+01	275	1.000000e+14
-2.929015e+06	1.206846e+01	2.393154e+01	4.046406e-01	7.596159e+00	-3.144426e-03	4.031444e-01	8.590668e-02	6.409332e-02	9.060846e-01	2.939154e-01	1.559117e+00	-4.152824e+00	1.196577e+01	-3.144426e-03	22	1.000000e+14
-2.863035e+06	1.785757e+01	1.814243e+01	1.018717e+01	-2.186371e+00	-9.888443e-02	4.988844e-01	1.045052e-01	4.549478e-02	1.208689e+00	-8.688933e-03	1.771406e+00	7.694649e-01	9.071214e+00	-2.293944e+00	92	1.000000e+14
-2.315741e+06	1.634143e+00	3.436586e+01	-7.248125e+00	1.524892e+01	3.987209e-01	1.279059e-03	2.175153e-02	1.282485e-01	5.665541e-02	1.143345e+00	6.680408e-01	-2.643585e+00	1.718293e+01	-7.248125e+00	157	1.000000e+14
-2.498100e+06	5.585298e+00	3.041470e+01	-1.160789e+01	1.960868e+01	5.806902e-03	3.941931e-01	3.472936e-02	1.152706e-01	5.891554e-01	6.108446e-01	1.539268e+00	-6.397248e-01	1.520735e+01	-1.160789e+01	204	1.000000e+14
-2.893741e+06	1.490399e+01	2.109601e+01	2.102283e+00	5.898516e+00	-2.425640e-01	6.425640e-01	9.261035e-02	5.738965e-02	1.118515e+00	8.148511e-02	2.089993e+00	-3.616527e+00	1.054801e+01	-2.425640e-01	53	1.000000e+14
-2.765145e+06	1.617302e+01	1.982698e+01	1.659261e+01	-8.591810e+00	6.053911e-01	-2.053911e-01	9.429582e-02	5.570418e-02	8.622010e-01	3.377990e-01	2.097809e-01	-4.493975e-01	9.913489e+00	-8.797201e+00	174	1.000000e+14
-2.723438e+06	1.206931e+01	2.393069e+01	9.680622e+00	-1.679823e+00	5.004845e-01	-1.004845e-01	7.283809e-02	7.716191e-02	6.414102e-01	5.585898e-01	4.423956e-01	-2.842575e+00	1.196534e+01	-1.780307e+00	83	1.000000e+14
-1.167624e+06	1.087408e+00	3.491259e+01	3.412304e-01	7.659569e+00	6.726015e-01	-2.726015e-01	-6.108039e-02	2.110804e-01	-3.250290e-01	1.525029e+00	6.075206e-02	-3.402492e+00	1.745630e+01	-6.587109e-01	65	1.000000e+14
-2.912215e+06	1.562955e+01	2.037045e+01	4.085328e+00	3.915471e+00	-2.135046e-01	6.135046e-01	9.482682e-02	5.517318e-02	1.140996e+00	5.900367e-02	2.025559e+00	-1.874270e+00	1.018523e+01	-2.135046e-01	50	1.000000e+14
-2.693304e+06	7.618831e-01	3.523812e+01	-1.535297e+01	2.335377e+01	1.775207e-01	2.224793e-01	4.492223e-02	1.050778e-01	2.181292e-01	9.818708e-01	1.158519e+00	-2.671475e+00	1.761906e+01	-1.535297e+01	240	1.000000e+14
-2.504445e+06	2.339455e+01	1.260545e+01	2.379065e+01	-1.578985e+01	3.381572e-01	6.184282e-02	1.422243e-01	7.775693e-03	1.403379e+00	-2.033791e-01	8.023318e-01	1.518301e+00	6.302726e+00	-1.599323e+01	251	1.000000e+14
-2.424703e+06	2.410191e+01	1.189809e+01	2.293613e+01	-1.493533e+01	-4.067714e-02	4.406771e-01	1.442074e-01	5.792650e-03	1.486579e+00	-2.865786e-01	1.642340e+00	1.673111e-01	5.949044e+00	-1.526259e+01	238	1.000000e+14
-2.791331e+06	5.756220e+00	3.024378e+01	-3.772939e+00	1.177374e+01	3.014639e-01	9.853607e-02	6.045241e-02	8.954759e-02	3.938734e-01	8.061266e-01	8.836936e-01	-4.027751e+00	1.512189e+01	-3.772939e+00	119	1.000000e+14
-2.521100e+06	2.323121e+01	1.276879e+01	2.220063e+01	-1.419983e+01	1.157450e-01	2.842550e-01	1.402352e-01	9.764804e-03	1.425539e+00	-2.255391e-01	1.295497e+00	1.162455e+00	6.384396e+00	-1.442537e+01	230	1.000000e+14
-2.010313e+06	7.694807e-01	3.523052e+01	-2.462916e+01	3.262996e+01	-1.226776e-01	5.226776e-01	-5.864180e-03	1.558642e-01	4.463647e-01	7.536353e-01	1.824163e+00	6.912105e-01	1.761526e+01	-2.475771e+01	295	1.000000e+14
-2.842897e+06	1.284258e+01	2.315742e+01	8.782313e+00	-7.815134e-01	3.907518e-01	9.248201e-03	8.345373e-02	6.654627e-02	7.569291e-01	4.430709e-01	6.857112e-01	-3.585259e+00	1.157871e+01	-7.815134e-01	68	1.000000e+14
-2.566449e+06	2.257697e+01	1.342303e+01	2.374008e+01	-1.573928e+01	5.131387e-01	-1.131387e-01	1.390026e-01	1.099739e-02	1.324887e+00	-1.248869e-01	4.143368e-01	-2.142362e+00	6.711514e+00	-1.597731e+01	249	1.000000e+14
-2.485600e+06	2.374130e+01	1.225870e+01	2.299278e+01	-1.499198e+01	9.678948e-02	3.032105e-01	1.446678e-01	5.332157e-03	1.453750e+00	-2.537504e-01	1.337528e+00	-4.195220e+00	6.129352e+00	-1.524573e+01	237	1.000000e+14
-2.889215e+06	1.467391e+01	2.132609e+01	1.087280e+01	-2.872006e+00	3.541885e-01	4.581150e-02	9.482103e-02	5.517897e-02	8.864109e-01	3.135891e-01	7.667848e-01	-3.671125e+00	1.066305e+01	-2.872006e+00	101	1.000000e+14
-2.793295e+06	1.975566e+01	1.624434e+01	2.125589e+01	-1.325509e+01	6.372828e-01	-2.372828e-01	1.205347e-01	2.946530e-02	1.103090e+00	9.690984e-02	1.390659e-01	-4.397846e+00	8.122169e+00	-1.349238e+01	222	1.000000e+14
-2.670434e+06	2.187792e+01	1.412208e+01	1.744711e+01	-9.446310e+00	-1.994287e-01	5.994287e-01	1.321860e-01	1.781401e-02	1.406628e+00	-2.066275e-01	1.994347e+00	-3.615834e+00	7.061039e+00	-9.852366e+00	189	1.000000e+14
-2.240520e+06	8.354091e+00	2.764591e+01	6.656772e+00	1.344028e+00	5.855520e-01	-1.855520e-01	2.891061e-02	1.210894e-01	3.194258e-01	8.805742e-01	2.537711e-01	1.978201e-01	1.382295e+01	-1.855520e-01	42	1.000000e+14
-2.740757e+06	1.413451e+01	2.186549e+01	1.363840e+01	-5.637605e+00	5.756038e-01	-1.756038e-01	8.297413e-02	6.702587e-02	7.351608e-01	4.648392e-01	2.758299e-01	-2.307738e+00	1.093275e+01	-5.813208e+00	142	1.000000e+14
-2.755939e+06	2.095155e+01	1.504845e+01	1.560913e+01	-7.608328e+00	-1.862601e-01	5.862601e-01	1.271422e-01	2.285785e-02	1.364453e+00	-1.644534e-01	1.965148e+00	-3.991779e+00	7.524226e+00	-7.959042e+00	169	1.000000e+14
-3.022761e+06	1.758281e+00	3.424172e+01	-2.155578e+01	2.955658e+01	-8.665144e-02	4.866514e-01	6.951635e-02	8.048365e-02	4.675064e-01	7.324936e-01	1.744281e+00	-3.764160e+00	1.712086e+01	-2.164243e+01	290	1.000000e+14
-2.872338e+06	1.003123e+01	2.596877e+01	-7.625863e+00	1.562666e+01	-2.055053e-01	6.055053e-01	7.523517e-02	7.476483e-02	8.978535e-01	3.021465e-01	2.007821e+00	-4.010605e+00	1.298439e+01	-7.831369e+00	165	1.000000e+14
-2.953559e+06	1.715487e+01	1.884513e+01	9.727805e+00	-1.727006e+00	-2.515060e-02	4.251506e-01	1.113720e-01	3.862799e-02	1.156449e+00	4.355061e-02	1.607912e+00	-4.923603e+00	9.422565e+00	-1.752156e+00	82	1.000000e+14
-2.422172e+06	2.421326e+01	1.178674e+01	2.465400e+01	-1.665320e+01	2.628696e-01	1.371304e-01	1.482046e-01	1.795424e-03	1.459076e+00	-2.590758e-01	9.692706e-01	-4.352643e+00	5.893370e+00	-1.691227e+01	257	1.000000e+14
-1.400585e+06	2.754797e-01	3.572452e+01	-4.937281e+00	1.293808e+01	5.343481e-01	-1.343481e-01	-4.368105e-02	1.936811e-01	-1.917072e-01	1.391707e+00	3.673082e-01	4.085111e-01	1.786226e+01	-5.307018e+00	136	1.000000e+14
-3.134776e+06	1.243537e+00	3.475646e+01	-2.894678e+01	3.694758e+01	-2.961170e-01	6.961170e-01	8.077060e-02	6.922940e-02	5.727359e-01	6.272641e-01	2.208739e+00	-4.583511e+00	1.737823e+01	-2.924290e+01	299	1.000000e+14
-1.502055e+06	3.914744e+00	3.208526e+01	3.848953e+00	4.151846e+00	6.830635e-01	-2.830635e-01	-3.296349e-02	1.829635e-01	-1.196959e-01	1.319696e+00	3.755402e-02	-2.223071e-01	1.604263e+01	-4.357229e-01	60	1.000000e+14
-2.280560e+06	2.279659e+00	3.372034e+01	-1.783116e+01	2.583196e+01	5.319486e-03	3.946805e-01	1.540098e-02	1.345990e-01	4.297404e-01	7.702596e-01	1.540349e+00	1.542344e-01	1.686017e+01	-1.783116e+01	265	1.000000e+14
-2.286110e+06	2.501120e+01	1.098880e+01	2.753821e+01	-1.953741e+01	6.594639e-01	-2.594639e-01	1.518867e-01	-1.886672e-03	1.463579e+00	-2.635789e-01	8.988264e-02	-5.446298e-01	5.494400e+00	-2.006234e+01	282	1.000000e+14
-2.982110e+06	2.811354e+00	3.318865e+01	-8.393293e+00	1.639409e+01	2.995714e-01	1.004286e-01	6.969153e-02	8.030847e-02	2.243172e-01	9.756828e-01	8.878899e-01	-4.574654e+00	1.659432e+01	-8.393293e+00	172	1.000000e+14
-2.613064e+06	5.422101e+00	3.057790e+01	-5.834477e+00	1.383528e+01	2.416036e-01	1.583964e-01	4.540595e-02	1.045941e-01	4.210558e-01	7.789442e-01	1.016425e+00	-2.218759e+00	1.528895e+01	-5.834477e+00	143	1.000000e+14
-2.233850e+06	2.552804e+01	1.047196e+01	2.768007e+01	-1.967927e+01	5.294100e-01	-1.294100e-01	1.552099e-01	-5.209851e-03	1.509451e+00	-3.094512e-01	3.782576e-01	-4.842577e+00	5.235982e+00	-2.012334e+01	283	1.000000e+14
-2.774438e+06	1.439843e+01	2.160157e+01	1.301311e+01	-5.012310e+00	5.153306e-01	-1.153306e-01	8.618620e-02	6.381380e-02	7.875705e-01	4.124295e-01	4.094766e-01	-2.079636e+00	1.080079e+01	-5.127640e+00	134	1.000000e+14
-2.817052e+06	1.851212e+01	1.748788e+01	1.978434e+01	-1.178354e+01	6.367142e-01	-2.367142e-01	1.130938e-01	3.690623e-02	1.014718e+00	1.852824e-01	1.403267e-01	-4.814335e+00	8.743938e+00	-1.202025e+01	207	1.000000e+14
-2.893647e+06	1.796318e+01	1.803682e+01	9.350890e+00	-1.350091e+00	-1.870021e-01	5.870021e-01	1.070637e-01	4.293630e-02	1.234796e+00	-3.479588e-02	1.966793e+00	-1.393527e+00	9.018410e+00	-1.571889e+00	80	1.000000e+14
-2.921061e+06	6.074432e+00	2.992557e+01	-3.728573e+00	1.172937e+01	2.835469e-01	1.164531e-01	7.106213e-02	7.893787e-02	4.261449e-01	7.738551e-01	9.234220e-01	-4.956414e+00	1.496278e+01	-3.728573e+00	117	1.000000e+14
-2.713561e+06	1.512331e+01	2.087669e+01	1.541248e+01	-7.411677e+00	6.116300e-01	-2.116300e-01	8.638433e-02	6.361567e-02	7.842092e-01	4.157908e-01	1.959472e-01	2.368920e-01	1.043835e+01	-7.623307e+00	162	1.000000e+14
-2.900415e+06	6.845660e+00	2.915434e+01	-1.243043e+01	2.043123e+01	-1.259719e-01	5.259719e-01	6.691387e-02	8.308613e-02	7.213049e-01	4.786951e-01	1.831468e+00	-3.234876e+00	1.457717e+01	-1.255640e+01	214	1.000000e+14
-2.584103e+06	6.110416e+00	2.988958e+01	-3.071219e+00	1.107202e+01	3.075599e-01	9.244008e-02	4.528095e-02	1.047191e-01	4.097206e-01	7.902794e-01	8.701766e-01	-2.304363e+00	1.494479e+01	-3.071219e+00	107	1.000000e+14
-2.908004e+06	1.475232e+01	2.124768e+01	2.692360e+00	5.308439e+00	-1.831923e-01	5.831923e-01	9.433864e-02	5.566136e-02	1.094150e+00	1.058505e-01	1.958346e+00	-4.137672e+00	1.062384e+01	-1.831923e-01	41	1.000000e+14
-2.876808e+06	1.869510e+01	1.730490e+01	1.725559e+01	-9.254788e+00	3.887800e-01	1.121995e-02	1.159635e-01	3.403647e-02	1.114568e+00	8.543187e-02	6.900833e-01	-1.047102e+00	8.652452e+00	-9.254788e+00	181	1.000000e+14
-2.690697e+06	2.133900e+01	1.466100e+01	2.028857e+01	-1.228777e+01	2.891856e-01	1.108144e-01	1.303028e-01	1.969721e-02	1.294911e+00	-9.491107e-02	9.109189e-01	6.313907e-01	7.330501e+00	-1.238268e+01	213	1.000000e+14
-2.840930e+06	1.107047e+01	2.492953e+01	-3.768543e-01	8.377654e+00	5.335164e-02	3.466484e-01	7.336420e-02	7.663580e-02	8.321197e-01	3.678803e-01	1.433845e+00	-1.755248e+00	1.246477e+01	-3.768543e-01	58	1.000000e+14
-2.854363e+06	3.441094e+00	3.255891e+01	-2.391063e+01	3.191142e+01	-2.899392e-01	6.899392e-01	5.726243e-02	9.273757e-02	6.598041e-01	5.401959e-01	2.195041e+00	-2.948087e+00	1.627945e+01	-2.420056e+01	294	1.000000e+14
-2.899533e+06	1.769820e+01	1.830180e+01	1.634671e+01	-8.345913e+00	4.331617e-01	-3.316169e-02	1.120360e-01	3.796400e-02	1.038048e+00	1.619522e-01	5.916737e-01	-3.150647e+00	9.150898e+00	-8.379075e+00	171	1.000000e+14
-2.692516e+06	2.143400e+01	1.456600e+01	1.678566e+01	-8.784861e+00	-1.653943e-01	5.653943e-01	1.283084e-01	2.169158e-02	1.382111e+00	-1.821109e-01	1.918881e+00	-1.610889e+00	7.283001e+00	-9.132367e+00	180	1.000000e+14
-2.906345e+06	1.890078e+01	1.709922e+01	1.393839e+01	-5.937588e+00	5.521834e-02	3.447817e-01	1.176054e-01	3.239457e-02	1.219673e+00	-1.967276e-02	1.429706e+00	-3.240267e+00	8.549608e+00	-5.957261e+00	146	1.000000e+14
-2.771079e+06	1.405904e+01	2.194096e+01	7.230453e+00	7.703463e-01	1.860781e-01	2.139219e-01	8.029053e-02	6.970947e-02	9.265667e-01	2.734333e-01	1.139544e+00	1.563018e+00	1.097048e+01	0.000000e+00	12	1.000000e+14
-2.587875e+06	1.272701e+01	2.327299e+01	1.140118e+01	-3.400377e+00	5.483137e-01	-1.483137e-01	6.598546e-02	8.401454e-02	6.546626e-01	5.453374e-01	3.363416e-01	8.283431e-01	1.163650e+01	-3.548690e+00	115	1.000000e+14
-2.944075e+06	4.189038e+00	3.181096e+01	-1.592118e+01	2.392198e+01	-5.646128e-02	4.564613e-01	6.646216e-02	8.353784e-02	5.607809e-01	6.392191e-01	1.677339e+00	-3.473968e+00	1.590548e+01	-1.597764e+01	250	1.000000e+14
-2.010409e+06	3.327963e+00	3.267204e+01	-1.136527e+01	1.936607e+01	1.652933e-01	2.347067e-01	2.500772e-04	1.497499e-01	3.653093e-01	8.346907e-01	1.185632e+00	1.675612e+00	1.633602e+01	-1.136527e+01	200	1.000000e+14
-2.662842e+06	1.507103e+01	2.092897e+01	1.562606e+01	-7.625262e+00	6.299677e-01	-2.299677e-01	8.175691e-02	6.824309e-02	7.700526e-01	4.299474e-01	1.552860e-01	1.337512e-01	1.046448e+01	-7.855230e+00	166	1.000000e+14
-2.953501e+06	2.649753e-01	3.573502e+01	-1.941108e+01	2.741187e+01	7.532633e-02	3.246737e-01	6.183162e-02	8.816838e-02	2.778272e-01	9.221728e-01	1.385120e+00	-3.242879e+00	1.786751e+01	-1.941108e+01	279	1.000000e+14
-2.793116e+06	1.064043e+01	2.535957e+01	8.160799e-01	7.184719e+00	1.522555e-01	2.477445e-01	6.967957e-02	8.032043e-02	7.609289e-01	4.390711e-01	1.214541e+00	-1.345525e+00	1.267978e+01	0.000000e+00	10	1.000000e+14
-2.622733e+06	2.222252e+01	1.377748e+01	2.145963e+01	-1.345884e+01	2.597260e-01	1.402740e-01	1.366261e-01	1.337389e-02	1.349863e+00	-1.498633e-01	9.762412e-01	-1.522841e+00	6.888738e+00	-1.360870e+01	223	1.000000e+14
-2.674607e+06	1.070242e+01	2.529758e+01	-5.857212e+00	1.385801e+01	-1.879095e-01	5.879095e-01	5.775676e-02	9.224324e-02	9.197457e-01	2.802543e-01	1.968805e+00	5.502494e-01	1.264879e+01	-6.045122e+00	148	1.000000e+14
-2.226622e+06	2.581533e+01	1.018467e+01	2.682118e+01	-1.882038e+01	1.414900e-01	2.585100e-01	1.553938e-01	-5.393841e-03	1.554811e+00	-3.548107e-01	1.238412e+00	1.122138e+00	5.092336e+00	-1.918059e+01	276	1.000000e+14
-2.895118e+06	2.646142e+00	3.335386e+01	-1.634060e+01	2.434140e+01	3.310655e-02	3.668935e-01	6.023794e-02	8.976206e-02	4.280983e-01	7.719017e-01	1.478736e+00	-3.009854e+00	1.667693e+01	-1.634060e+01	252	1.000000e+14
-2.795241e+06	2.041211e+01	1.558789e+01	1.933022e+01	-1.132942e+01	3.428016e-01	5.719845e-02	1.247274e-01	2.527261e-02	1.229579e+00	-2.957878e-02	7.920336e-01	-1.511125e-01	7.793944e+00	-1.135900e+01	199	1.000000e+14
-2.870808e+06	1.159041e+01	2.440959e+01	2.884999e-02	7.971949e+00	2.466462e-02	3.753354e-01	7.771591e-02	7.228409e-02	8.708592e-01	3.291408e-01	1.497454e+00	-2.311024e+00	1.220479e+01	0.000000e+00	8	1.000000e+14
-2.277237e+06	2.530595e+01	1.069405e+01	2.654285e+01	-1.854205e+01	3.024049e-01	9.759512e-02	1.529242e-01	-2.924169e-03	1.515531e+00	-3.155308e-01	8.816072e-01	-1.683909e+00	5.347026e+00	-1.886051e+01	273	1.000000e+14
-2.820062e+06	1.486031e+01	2.113969e+01	9.218292e+00	-1.217492e+00	2.280439e-01	1.719561e-01	8.809595e-02	6.190405e-02	9.524679e-01	2.475321e-01	1.046491e+00	-8.335479e-02	1.056985e+01	-1.217492e+00	76	1.000000e+14
-2.903856e+06	1.813250e+01	1.786750e+01	1.111809e+01	-3.117291e+00	-6.616370e-02	4.661637e-01	1.121302e-01	3.786982e-02	1.213121e+00	-1.312051e-02	1.698852e+00	-4.167660e+00	8.933748e+00	-3.196575e+00	109	1.000000e+14
-2.718252e+06	1.073158e+01	2.526842e+01	-7.512634e+00	1.551343e+01	-2.741704e-01	6.741704e-01	6.004282e-02	8.995718e-02	9.543708e-01	2.456292e-01	2.160076e+00	-1.611387e-01	1.263421e+01	-7.786804e+00	164	1.000000e+14
-2.805574e+06	1.908546e+01	1.691454e+01	2.016775e+01	-1.216695e+01	6.092185e-01	-2.092185e-01	1.159402e-01	3.405980e-02	1.065567e+00	1.344329e-01	2.012943e-01	-2.362405e+00	8.457272e+00	-1.237616e+01	212	1.000000e+14
-2.768128e+06	1.141290e+01	2.458710e+01	-3.524115e+00	1.152491e+01	-1.437141e-01	5.437141e-01	6.665837e-02	8.334163e-02	9.333683e-01	2.666317e-01	1.870809e+00	-4.271283e-01	1.229355e+01	-3.667829e+00	116	1.000000e+14
-2.895224e+06	1.831489e+01	1.768511e+01	1.118784e+01	-3.187044e+00	-9.117355e-02	4.911735e-01	1.124036e-01	3.759645e-02	1.227643e+00	-2.764269e-02	1.754308e+00	-4.020544e+00	8.842554e+00	-3.305861e+00	110	1.000000e+14
-2.796697e+06	1.859863e+01	1.740137e+01	1.963652e+01	-1.163572e+01	6.143642e-01	-2.143642e-01	1.115573e-01	3.844267e-02	1.029524e+00	1.704761e-01	1.898844e-01	8.370560e-01	8.700686e+00	-1.185009e+01	205	1.000000e+14
-1.985173e+06	4.022014e+00	3.197799e+01	5.613899e-01	7.439409e+00	5.583785e-01	-1.583785e-01	2.960763e-03	1.470392e-01	4.035655e-02	1.159643e+00	3.140243e-01	-1.640479e+00	1.598899e+01	-1.583785e-01	37	1.000000e+14
-3.368915e+06	2.107218e-01	3.578928e+01	-1.856471e+01	2.656551e+01	1.052382e-01	2.947618e-01	9.298830e-02	5.701170e-02	2.506317e-01	9.493683e-01	1.318795e+00	-4.782894e+00	1.789464e+01	-1.856471e+01	270	1.000000e+14
-2.948998e+06	8.132471e+00	2.786753e+01	-1.049111e+01	1.849191e+01	-1.551956e-01	5.551956e-01	7.499256e-02	7.500744e-02	7.929586e-01	4.070414e-01	1.896267e+00	-4.075219e+00	1.393376e+01	-1.064630e+01	193	1.000000e+14
-2.213757e+06	2.590886e+01	1.009114e+01	2.694670e+01	-1.894590e+01	1.297402e-01	2.702598e-01	1.557456e-01	-5.745556e-03	1.560345e+00	-3.603448e-01	1.264465e+00	8.156138e-01	5.045571e+00	-1.931199e+01	277	1.000000e+14
-2.816853e+06	3.137068e+00	3.286293e+01	-6.572884e+00	1.457368e+01	3.459976e-01	5.400239e-02	5.858399e-02	9.141601e-02	2.009292e-01	9.990708e-01	7.849469e-01	-4.160436e+00	1.643147e+01	-6.572884e+00	155	1.000000e+14
-2.464629e+06	5.316972e+00	3.068303e+01	-3.413370e-01	8.342136e+00	4.602466e-01	-6.024656e-02	3.743029e-02	1.125697e-01	2.295429e-01	9.704571e-01	5.316171e-01	-3.377048e+00	1.534151e+01	-4.015836e-01	59	1.000000e+14
-2.207194e+06	1.941235e+00	3.405876e+01	-1.031502e+01	1.831582e+01	2.803174e-01	1.196826e-01	1.292285e-02	1.370771e-01	1.916089e-01	1.008391e+00	9.305828e-01	-9.469290e-01	1.702938e+01	-1.031502e+01	192	1.000000e+14
-2.172561e+06	6.239157e+00	2.976084e+01	-1.380145e+01	2.180225e+01	-1.317284e-01	5.317284e-01	1.277872e-02	1.372213e-01	6.971070e-01	5.028930e-01	1.844232e+00	1.997469e+00	1.488042e+01	-1.393318e+01	226	1.000000e+14
-2.545500e+06	9.879684e+00	2.612032e+01	-7.272637e+00	1.527344e+01	-1.731977e-01	5.731977e-01	4.649943e-02	1.035006e-01	8.778273e-01	3.221727e-01	1.936184e+00	9.317374e-01	1.306016e+01	-7.445835e+00	161	1.000000e+14
-2.807623e+06	7.882660e+00	2.811734e+01	-6.148420e+00	1.414922e+01	5.543710e-02	3.445629e-01	6.168764e-02	8.831236e-02	6.726822e-01	5.273178e-01	1.429221e+00	-2.254291e+00	1.405867e+01	-6.148420e+00	150	1.000000e+14
-2.763511e+06	1.413144e+01	2.186856e+01	1.134234e+01	-3.341537e+00	4.334828e-01	-3.348281e-02	8.282315e-02	6.717685e-02	8.140419e-01	3.859581e-01	5.909616e-01	5.056027e-01	1.093428e+01	-3.375020e+00	114	1.000000e+14
-2.436755e+06	2.401877e+01	1.198123e+01	2.329676e+01	-1.529596e+01	6.016969e-02	3.398303e-01	1.446197e-01	5.380317e-03	1.471780e+00	-2.717795e-01	1.418727e+00	-1.078930e-01	5.990614e+00	-1.556774e+01	242	1.000000e+14
-2.596812e+06	2.257543e+01	1.342457e+01	2.062308e+01	-1.262228e+01	5.283556e-02	3.471644e-01	1.376148e-01	1.238521e-02	1.401601e+00	-2.016009e-01	1.434989e+00	-3.323065e+00	6.712286e+00	-1.282388e+01	216	1.000000e+14
-2.658532e+06	5.414603e+00	3.058540e+01	-1.308232e+01	2.108312e+01	-3.892687e-02	4.389269e-01	4.567368e-02	1.043263e-01	6.077112e-01	5.922888e-01	1.638459e+00	-1.784091e+00	1.529270e+01	-1.312125e+01	219	1.000000e+14
-2.890491e+06	1.714422e+01	1.885578e+01	1.044107e+01	-2.440269e+00	3.221539e-02	3.677846e-01	1.026107e-01	4.738928e-02	1.139460e+00	6.053992e-02	1.480712e+00	5.845240e-01	9.427890e+00	-2.440269e+00	96	1.000000e+14
-1.642600e+06	5.173739e+00	3.082626e+01	5.279898e+00	2.720901e+00	6.835044e-01	-2.835044e-01	-2.115325e-02	1.711533e-01	-2.214075e-02	1.222141e+00	3.657653e-02	-4.245971e-01	1.541313e+01	-3.267984e-01	56	1.000000e+14
-2.864039e+06	8.435209e+00	2.756479e+01	-1.120309e+01	1.920389e+01	-2.146615e-01	6.146615e-01	6.650755e-02	8.349245e-02	8.332427e-01	3.667573e-01	2.028124e+00	-2.952282e+00	1.378240e+01	-1.141775e+01	201	1.000000e+14
-2.800891e+06	1.071597e+01	2.528403e+01	3.136118e+00	4.864681e+00	2.622414e-01	1.377586e-01	7.183331e-02	7.816669e-02	7.046112e-01	4.953888e-01	9.706635e-01	-1.908653e+00	1.264202e+01	0.000000e+00	9	1.000000e+14
-2.868407e+06	1.589057e+01	2.010943e+01	5.230531e+00	2.770269e+00	-1.717900e-01	5.717900e-01	9.282153e-02	5.717847e-02	1.140457e+00	5.954308e-02	1.933063e+00	-1.460815e-01	1.005471e+01	-1.717900e-01	40	1.000000e+14
-2.773885e+06	2.191950e+00	3.380805e+01	-2.554112e+01	3.354192e+01	-2.516172e-01	6.516172e-01	4.966437e-02	1.003356e-01	5.870318e-01	6.129682e-01	2.110067e+00	-2.675001e+00	1.690402e+01	-2.579274e+01	296	1.000000e+14
-2.562142e+06	1.155704e+01	2.444296e+01	8.752109e+00	-7.513095e-01	4.874589e-01	-8.745891e-02	6.010461e-02	8.989539e-02	6.161508e-01	5.838492e-01	4.712778e-01	1.247846e+00	1.222148e+01	-8.387684e-01	70	1.000000e+14
-2.812474e+06	2.049425e+01	1.550575e+01	1.518133e+01	-7.180531e+00	-1.280186e-01	5.280186e-01	1.232854e-01	2.671461e-02	1.334035e+00	-1.340348e-01	1.836006e+00	-2.400295e+00	7.752873e+00	-7.442584e+00	160	1.000000e+14
-2.881544e+06	1.199285e+01	2.400715e+01	6.363287e-01	7.364471e+00	1.709657e-02	3.829034e-01	7.970531e-02	7.029469e-02	8.937771e-01	3.062229e-01	1.514235e+00	-2.744960e+00	1.200358e+01	0.000000e+00	7	1.000000e+14
-2.666148e+06	3.167526e+00	3.283247e+01	-1.301591e+01	2.101671e+01	1.165856e-01	2.834144e-01	4.472416e-02	1.052758e-01	3.938701e-01	8.061299e-01	1.293633e+00	-1.984118e+00	1.641624e+01	-1.301591e+01	218	1.000000e+14
-2.635139e+06	1.329453e+01	2.270547e+01	1.250526e+01	-4.504465e+00	5.705598e-01	-1.705598e-01	7.202935e-02	7.797065e-02	6.796501e-01	5.203499e-01	2.870142e-01	1.324089e+00	1.135273e+01	-4.675025e+00	130	1.000000e+14
-2.521308e+06	2.966262e+00	3.303374e+01	-7.957052e+00	1.595785e+01	3.064373e-01	9.356272e-02	3.648596e-02	1.135140e-01	2.271414e-01	9.728586e-01	8.726659e-01	-2.117463e+00	1.651687e+01	-7.957052e+00	168	1.000000e+14
-2.456612e+06	8.698662e+00	2.730134e+01	5.515071e+00	2.485728e+00	5.147938e-01	-1.147938e-01	4.469000e-02	1.053100e-01	4.050956e-01	7.949044e-01	4.106669e-01	-1.790032e+00	1.365067e+01	-1.147938e-01	31	1.000000e+14
-2.835796e+06	1.333412e+01	2.266588e+01	9.397625e+00	-1.396826e+00	3.849811e-01	1.501893e-02	8.434898e-02	6.565102e-02	7.901606e-01	4.098394e-01	6.985069e-01	-1.664151e+00	1.133294e+01	-1.396826e+00	78	1.000000e+14
-2.775396e+06	9.711516e+00	2.628848e+01	2.894162e+00	5.106638e+00	3.268730e-01	7.312700e-02	6.861338e-02	8.138662e-02	6.071548e-01	5.928452e-01	8.273528e-01	-3.382886e+00	1.314424e+01	0.000000e+00	11	1.000000e+14
-2.869359e+06	1.579610e+01	2.020390e+01	1.361074e+01	-5.609945e+00	4.286503e-01	-2.865026e-02	9.851655e-02	5.148345e-02	9.209591e-01	2.790409e-01	6.016771e-01	-1.590209e+00	1.010195e+01	-5.638595e+00	140	1.000000e+14
-1.850342e+06	7.042652e-01	3.529573e+01	-9.404034e+00	1.740483e+01	3.724635e-01	2.753646e-02	-1.214489e-02	1.621449e-01	2.704825e-02	1.172952e+00	7.262627e-01	-9.422144e-02	1.764787e+01	-9.416179e+00	185	1.000000e+14
-2.265480e+06	2.247077e+00	3.375292e+01	-2.224357e+00	1.022516e+01	5.399776e-01	-1.399776e-01	2.081696e-02	1.291830e-01	-6.213752e-02	1.262138e+00	3.548255e-01	-4.799973e+00	1.687646e+01	-2.426472e+00	95	1.000000e+14
-2.119337e+06	3.849689e+00	3.215031e+01	-1.070184e+01	1.870264e+01	1.571457e-01	2.428543e-01	8.121367e-03	1.418786e-01	3.992119e-01	8.007881e-01	1.203697e+00	1.260435e+00	1.607516e+01	-1.070184e+01	194	1.000000e+14
-2.871599e+06	2.207477e+00	3.379252e+01	-1.576381e+01	2.376461e+01	8.038145e-02	3.196185e-01	5.898315e-02	9.101685e-02	3.718853e-01	8.281147e-01	1.373911e+00	-3.307134e+00	1.689626e+01	-1.576381e+01	245	1.000000e+14
-2.226573e+06	2.573655e+01	1.026345e+01	2.611262e+01	-1.811182e+01	-3.396516e-02	4.339652e-01	1.531003e-01	-3.100311e-03	1.562529e+00	-3.625294e-01	1.627457e+00	8.377502e-01	5.131727e+00	-1.851142e+01	269	1.000000e+14
-2.487823e+06	2.338184e+01	1.261816e+01	2.514928e+01	-1.714848e+01	5.727505e-01	-1.727505e-01	1.425110e-01	7.489038e-03	1.366639e+00	-1.666387e-01	2.821566e-01	1.755498e+00	6.309079e+00	-1.748787e+01	261	1.000000e+14
-2.598568e+06	6.179054e+00	2.982095e+01	-5.727539e+00	1.372834e+01	1.968271e-01	2.031729e-01	4.499665e-02	1.050033e-01	4.952727e-01	7.047273e-01	1.115710e+00	-1.763196e+00	1.491047e+01	-5.727539e+00	141	1.000000e+14
-2.709667e+06	1.239585e+01	2.360415e+01	1.354423e+00	6.646376e+00	1.522270e-02	3.847773e-01	6.712650e-02	8.287350e-02	9.141440e-01	2.858560e-01	1.518390e+00	9.152081e-01	1.180207e+01	0.000000e+00	13	1.000000e+14
-2.917953e+06	1.085278e+01	2.514722e+01	-5.419593e+00	1.342039e+01	-1.816903e-01	5.816903e-01	7.979623e-02	7.020377e-02	9.238045e-01	2.761955e-01	1.955015e+00	-3.657932e+00	1.257361e+01	-5.601283e+00	139	1.000000e+14
-2.897102e+06	1.824718e+01	1.775282e+01	1.242586e+01	-4.425063e+00	2.749395e-02	3.725060e-01	1.114057e-01	3.859427e-02	1.194635e+00	5.364713e-03	1.491181e+00	-2.600323e+00	8.876411e+00	-4.425063e+00	123	1.000000e+14
-2.388880e+06	8.143159e+00	2.785684e+01	5.710587e+00	2.290212e+00	5.554409e-01	-1.554409e-01	3.840722e-02	1.115928e-01	3.318561e-01	8.681439e-01	3.205379e-01	-2.005395e+00	1.392842e+01	-1.554409e-01	36	1.000000e+14
-2.610799e+06	2.228293e+01	1.371707e+01	2.224258e+01	-1.424178e+01	3.565315e-01	4.346854e-02	1.372908e-01	1.270915e-02	1.335966e+00	-1.359657e-01	7.615896e-01	-1.389798e+00	6.858537e+00	-1.437775e+01	229	1.000000e+14
-2.822049e+06	1.651093e+01	1.948907e+01	1.431035e+01	-6.309552e+00	4.058232e-01	-5.823173e-03	9.737460e-02	5.262540e-02	9.751159e-01	2.248841e-01	6.522927e-01	1.253159e+00	9.744536e+00	-6.315375e+00	152	1.000000e+14
-2.921142e+06	1.603374e+01	1.996626e+01	1.174644e+01	-3.745640e+00	2.717817e-01	1.282183e-01	1.028413e-01	4.715875e-02	1.000378e+00	1.996223e-01	9.495093e-01	-2.822352e+00	9.983129e+00	-3.745640e+00	118	1.000000e+14
-2.181792e+06	5.250930e-01	3.547491e+01	-2.187433e+01	2.987513e+01	-1.859936e-02	4.185994e-01	6.654135e-03	1.433459e-01	3.626339e-01	8.373661e-01	1.593386e+00	-1.264405e-01	1.773745e+01	-2.189293e+01	291	1.000000e+14
-2.565755e+06	1.032067e+01	2.567933e+01	1.874672e+00	6.126127e+00	2.312233e-01	1.687767e-01	5.379516e-02	9.620484e-02	7.003286e-01	4.996714e-01	1.039442e+00	1.673194e+00	1.283967e+01	0.000000e+00	21	1.000000e+14
-1.640743e+06	1.216378e+00	3.478362e+01	-4.246586e+00	1.224739e+01	5.170969e-01	-1.170969e-01	-2.545038e-02	1.754504e-01	-1.052444e-01	1.305244e+00	4.055601e-01	-4.609836e-01	1.739181e+01	-4.494378e+00	125	1.000000e+14
-2.860186e+06	1.946609e+01	1.653391e+01	1.212334e+01	-4.122537e+00	-2.233967e-01	6.233967e-01	1.164210e-01	3.357900e-02	1.307322e+00	-1.073215e-01	2.047493e+00	-3.677507e+00	8.266955e+00	-4.453256e+00	124	1.000000e+14
-2.908882e+06	1.471416e+01	2.128584e+01	2.425872e+00	5.574927e+00	-1.952588e-01	5.952588e-01	9.621623e-02	5.378377e-02	1.096208e+00	1.037915e-01	1.985101e+00	-4.901832e+00	1.064292e+01	-1.952588e-01	45	1.000000e+14
-2.620558e+06	5.964151e+00	3.003585e+01	-1.389431e+01	2.189511e+01	-1.132395e-01	5.132395e-01	4.307582e-02	1.069242e-01	6.749077e-01	5.250923e-01	1.803236e+00	-1.410175e+00	1.501792e+01	-1.400755e+01	227	1.000000e+14
-2.906678e+06	1.333876e+01	2.266124e+01	1.045600e+01	-2.455198e+00	4.468127e-01	-4.681268e-02	9.156652e-02	5.843348e-02	7.565682e-01	4.434318e-01	5.614047e-01	-4.992724e+00	1.133062e+01	-2.502011e+00	97	1.000000e+14
-2.569982e+06	1.217373e+01	2.382627e+01	9.885468e+00	-1.884669e+00	5.040898e-01	-1.040898e-01	6.231590e-02	8.768410e-02	6.460038e-01	5.539962e-01	4.344013e-01	1.515218e+00	1.191313e+01	-1.988759e+00	88	1.000000e+14
-2.254845e+06	2.521145e+01	1.078855e+01	2.784866e+01	-1.984786e+01	6.801243e-01	-2.801243e-01	1.526668e-01	-2.666773e-03	1.474988e+00	-2.749879e-01	4.407134e-02	-4.035809e+00	5.394273e+00	-2.040564e+01	284	1.000000e+14
-2.985746e+06	1.306118e+01	2.293882e+01	3.110021e+00	4.890778e+00	4.484150e-02	3.551585e-01	9.555637e-02	5.444363e-02	9.343926e-01	2.656074e-01	1.452715e+00	-4.917696e+00	1.146941e+01	0.000000e+00	1	1.000000e+14
-2.124199e+06	4.962676e+00	3.103732e+01	-3.063992e+00	1.106479e+01	3.752204e-01	2.477964e-02	1.180383e-02	1.381962e-01	2.850017e-01	9.149983e-01	7.201498e-01	6.977876e-01	1.551866e+01	-3.063992e+00	106	1.000000e+14
-2.874866e+06	1.892976e+01	1.707024e+01	1.276673e+01	-4.765928e+00	-5.806627e-02	4.580663e-01	1.133063e-01	3.669366e-02	1.248173e+00	-4.817326e-02	1.680898e+00	-4.072845e-01	8.535119e+00	-4.872167e+00	132	1.000000e+14
-2.641104e+06	2.213862e+01	1.386138e+01	1.738923e+01	-9.388430e+00	-2.831172e-01	6.831172e-01	1.326100e-01	1.739004e-02	1.429414e+00	-2.294136e-01	2.179914e+00	-3.756100e+00	6.930690e+00	-9.900960e+00	190	1.000000e+14
-2.704461e+06	1.228303e+01	2.371697e+01	-1.967964e+00	9.968763e+00	-1.559522e-01	5.559522e-01	6.457924e-02	8.542076e-02	9.766224e-01	2.233776e-01	1.897945e+00	8.098526e-01	1.185849e+01	-2.123916e+00	91	1.000000e+14
-2.741742e+06	2.080440e+01	1.519560e+01	1.528571e+01	-7.284909e+00	-1.880574e-01	5.880574e-01	1.230432e-01	2.695678e-02	1.358369e+00	-1.583690e-01	1.969133e+00	-2.012671e+00	7.597801e+00	-7.631335e+00	163	1.000000e+14
-2.563808e+06	2.268559e+01	1.331441e+01	2.238573e+01	-1.438493e+01	2.878187e-01	1.121813e-01	1.368855e-01	1.311446e-02	1.370883e+00	-1.708829e-01	9.139497e-01	1.887746e+00	6.657206e+00	-1.455582e+01	231	1.000000e+14
-2.201506e+06	7.561196e+00	2.843880e+01	4.668816e+00	3.331983e+00	5.424870e-01	-1.424870e-01	2.414484e-02	1.258552e-01	3.032232e-01	8.967768e-01	3.492613e-01	1.040858e+00	1.421940e+01	-1.424870e-01	34	1.000000e+14
-2.386923e+06	2.442642e+01	1.157358e+01	2.509066e+01	-1.708986e+01	2.834475e-01	1.165525e-01	1.482364e-01	1.763623e-03	1.468525e+00	-2.685255e-01	9.236423e-01	6.941184e-01	5.786789e+00	-1.735838e+01	260	1.000000e+14
-2.794813e+06	2.027206e+01	1.572794e+01	1.403050e+01	-6.029703e+00	-2.031742e-01	6.031742e-01	1.182328e-01	3.176719e-02	1.338022e+00	-1.380217e-01	2.002652e+00	1.209665e+00	7.863968e+00	-6.370899e+00	153	1.000000e+14
-2.655859e+06	9.965104e+00	2.603490e+01	-5.783677e+00	1.378448e+01	-1.099837e-01	5.099837e-01	5.483278e-02	9.516722e-02	8.542940e-01	3.457060e-01	1.796017e+00	-2.303316e-01	1.301745e+01	-5.893661e+00	145	1.000000e+14
-2.445409e+06	2.352845e+01	1.247155e+01	2.602153e+01	-1.802073e+01	6.934065e-01	-2.934065e-01	1.431870e-01	6.813049e-03	1.356721e+00	-1.567215e-01	1.462003e-02	-1.500586e+00	6.235773e+00	-1.847085e+01	268	1.000000e+14
-2.770107e+06	1.661948e+01	1.938052e+01	1.706352e+01	-9.062718e+00	6.000883e-01	-2.000883e-01	9.656003e-02	5.343997e-02	8.963201e-01	3.036799e-01	2.215391e-01	-3.705386e-01	9.690258e+00	-9.262807e+00	183	1.000000e+14
-2.474969e+06	2.370840e+01	1.229160e+01	2.365833e+01	-1.565753e+01	2.281634e-01	1.718366e-01	1.440664e-01	5.933619e-03	1.435802e+00	-2.358020e-01	1.046226e+00	6.993517e-01	6.145799e+00	-1.589334e+01	247	1.000000e+14
-2.642866e+06	9.278563e+00	2.672144e+01	1.537275e+00	6.463524e+00	2.944319e-01	1.055681e-01	5.663463e-02	9.336537e-02	6.029215e-01	5.970785e-01	8.992861e-01	-1.297922e+00	1.336072e+01	0.000000e+00	18	1.000000e+14
-2.115968e+06	5.777565e+00	3.022244e+01	3.835485e+00	4.165314e+00	5.998158e-01	-1.998158e-01	1.503927e-02	1.349607e-01	1.198652e-01	1.080135e+00	2.221433e-01	-4.033582e+00	1.511122e+01	-1.998158e-01	48	1.000000e+14
-2.956808e+06	1.374731e+01	2.225269e+01	2.367888e+00	5.632911e+00	-7.604333e-02	4.760433e-01	9.387923e-02	5.612077e-02	1.013495e+00	1.865054e-01	1.720759e+00	-4.178900e+00	1.112634e+01	-7.604333e-02	27	1.000000e+14
-2.060122e+06	4.939390e+00	3.106061e+01	2.465624e+00	5.535175e+00	5.866128e-01	-1.866128e-01	9.302541e-03	1.406975e-01	7.387029e-02	1.126130e+00	2.514190e-01	-3.245474e+00	1.553030e+01	-1.866128e-01	43	1.000000e+14
-2.844877e+06	3.096071e+00	3.290393e+01	-2.047178e+01	2.847258e+01	-1.418604e-01	5.418604e-01	5.605932e-02	9.394068e-02	5.625122e-01	6.374878e-01	1.866698e+00	-2.687364e+00	1.645196e+01	-2.061364e+01	286	1.000000e+14
-2.685888e+06	7.434223e+00	2.856578e+01	6.151673e-01	7.385632e+00	3.773039e-01	2.269605e-02	5.574084e-02	9.425916e-02	4.344769e-01	7.655231e-01	7.155298e-01	-2.801626e+00	1.428289e+01	0.000000e+00	16	1.000000e+14
-1.910686e+06	2.310278e+00	3.368972e+01	-1.683765e+01	2.483845e+01	3.733554e-02	3.626645e-01	-8.980581e-03	1.589806e-01	4.085751e-01	7.914249e-01	1.469358e+00	1.963254e+00	1.684486e+01	-1.684663e+01	255	1.000000e+14
-2.392688e+06	2.443022e+01	1.156978e+01	2.462912e+01	-1.662832e+01	1.842096e-01	2.157904e-01	1.483265e-01	1.673493e-03	1.479361e+00	-2.793607e-01	1.143687e+00	-2.455452e+00	5.784891e+00	-1.690768e+01	256	1.000000e+14
-2.732863e+06	3.004463e+00	3.299554e+01	-9.643827e+00	1.764463e+01	2.451061e-01	1.548939e-01	5.092020e-02	9.907980e-02	2.829926e-01	9.170074e-01	1.008659e+00	-2.892226e+00	1.649777e+01	-9.643827e+00	187	1.000000e+14
-2.907570e+06	1.502683e+01	2.097317e+01	4.640013e+00	3.360786e+00	-9.238310e-02	4.923831e-01	9.349992e-02	5.650008e-02	1.077765e+00	1.222349e-01	1.756990e+00	-2.979089e+00	1.048658e+01	-9.238310e-02	29	1.000000e+14
-2.238203e+06	2.553872e+01	1.046128e+01	2.725797e+01	-1.925717e+01	4.042009e-01	-4.200901e-03	1.546534e-01	-4.653429e-03	1.520412e+00	-3.204117e-01	6.558899e-01	-1.411054e+00	5.230639e+00	-1.958644e+01	281	1.000000e+14
-3.096072e+06	3.503996e+00	3.249600e+01	-2.128954e+01	2.929034e+01	-2.010033e-01	6.010033e-01	8.039511e-02	6.960489e-02	6.144798e-01	5.855202e-01	1.997839e+00	-4.629306e+00	1.624800e+01	-2.149054e+01	289	1.000000e+14
-1.988941e+06	6.764501e+00	2.923550e+01	5.316842e+00	2.683957e+00	6.112391e-01	-2.112391e-01	8.260593e-03	1.417394e-01	1.796019e-01	1.020398e+00	1.968139e-01	1.527676e+00	1.461775e+01	-2.112391e-01	49	1.000000e+14
-2.930827e+06	1.151903e+01	2.448097e+01	1.489759e+00	6.511040e+00	1.084220e-01	2.915780e-01	8.449726e-02	6.550274e-02	8.285744e-01	3.714256e-01	1.311735e+00	-3.788814e+00	1.224049e+01	0.000000e+00	4	1.000000e+14
-2.502199e+06	2.336323e+01	1.263677e+01	2.107141e+01	-1.307061e+01	-1.151921e-01	5.151921e-01	1.392781e-01	1.072186e-02	1.460946e+00	-2.609463e-01	1.807565e+00	3.916663e-01	6.318386e+00	-1.344675e+01	221	1.000000e+14
-2.754971e+06	9.330783e+00	2.666922e+01	-3.369582e+00	1.137038e+01	6.189352e-02	3.381065e-01	6.263171e-02	8.736829e-02	7.412929e-01	4.587071e-01	1.414905e+00	-1.923220e+00	1.333461e+01	-3.369582e+00	113	1.000000e+14
-2.712834e+06	1.126573e+01	2.473427e+01	-2.852276e+00	1.085308e+01	-9.333284e-02	4.933328e-01	6.266448e-02	8.733552e-02	9.063015e-01	2.936985e-01	1.759096e+00	4.383553e-01	1.236714e+01	-2.945609e+00	103	1.000000e+14
-2.702776e+06	1.248458e+01	2.351542e+01	1.048643e+01	-2.485634e+00	5.146060e-01	-1.146060e-01	7.285347e-02	7.714653e-02	6.599774e-01	5.400226e-01	4.110831e-01	-2.254962e+00	1.175771e+01	-2.600240e+00	99	1.000000e+14
-2.511581e+06	9.739842e+00	2.626016e+01	8.372501e+00	-3.717014e-01	5.857211e-01	-1.857211e-01	5.230407e-02	9.769593e-02	4.180376e-01	7.819624e-01	2.533963e-01	-4.886867e+00	1.313008e+01	-5.574224e-01	63	1.000000e+14
-2.384646e+06	2.273569e+00	3.372643e+01	-3.239637e+00	1.124044e+01	5.041335e-01	-1.041335e-01	2.880456e-02	1.211954e-01	-1.810981e-02	1.218110e+00	4.343045e-01	-4.404276e+00	1.686322e+01	-3.361881e+00	112	1.000000e+14
-2.945539e+06	6.982811e+00	2.901719e+01	-8.925176e+00	1.692597e+01	8.207698e-03	3.917923e-01	7.185982e-02	7.814018e-02	6.553154e-01	5.446846e-01	1.533945e+00	-3.706576e+00	1.450859e+01	-8.925176e+00	176	1.000000e+14
-2.879341e+06	1.942036e+01	1.657964e+01	1.618221e+01	-8.181411e+00	1.815051e-01	2.184949e-01	1.218669e-01	2.813310e-02	1.214646e+00	-1.464640e-02	1.149684e+00	-4.456660e+00	8.289818e+00	-8.196057e+00	170	1.000000e+14
-1.745908e+06	5.732842e+00	3.026716e+01	5.536457e+00	2.464342e+00	6.688217e-01	-2.688217e-01	-1.221051e-02	1.622105e-01	3.876915e-02	1.161231e+00	6.913312e-02	-1.079031e+00	1.513358e+01	-2.810322e-01	54	1.000000e+14
-2.430495e+06	2.410344e+01	1.189656e+01	2.324044e+01	-1.523964e+01	1.872477e-02	3.812752e-01	1.444021e-01	5.597945e-03	1.480403e+00	-2.804033e-01	1.510625e+00	1.121594e+00	5.948280e+00	-1.552004e+01	241	1.000000e+14
-2.945164e+06	1.704455e+01	1.895545e+01	7.699739e+00	3.010604e-01	-1.660173e-01	5.660173e-01	1.066378e-01	4.336216e-02	1.189488e+00	1.051184e-02	1.920263e+00	-3.475101e+00	9.477725e+00	-1.660173e-01	39	1.000000e+14
-2.604944e+06	1.194563e+01	2.405437e+01	7.004347e+00	9.964520e-01	3.650936e-01	3.490638e-02	6.240877e-02	8.759123e-02	7.169311e-01	4.830689e-01	7.426043e-01	1.799511e+00	1.202718e+01	0.000000e+00	19	1.000000e+14
-2.871682e+06	1.926462e+01	1.673538e+01	1.772962e+01	-9.728822e+00	3.548751e-01	4.512490e-02	1.202717e-01	2.972833e-02	1.158924e+00	4.107581e-02	7.652624e-01	-3.005359e+00	8.367689e+00	-9.728822e+00	188	1.000000e+14
-2.908866e+06	1.275326e+01	2.324674e+01	3.500794e+00	4.500005e+00	9.897354e-02	3.010265e-01	8.617600e-02	6.382400e-02	8.959835e-01	3.040165e-01	1.332685e+00	-3.574813e+00	1.162337e+01	0.000000e+00	5	1.000000e+14
-2.627532e+06	1.300772e+01	2.299228e+01	1.244097e+01	-4.440172e+00	5.875300e-01	-1.875300e-01	7.046759e-02	7.953241e-02	6.485297e-01	5.514703e-01	2.493853e-01	4.689332e-01	1.149614e+01	-4.627702e+00	128	1.000000e+14
-2.276977e+06	4.202842e+00	3.179716e+01	-1.772681e+01	2.572761e+01	-1.239907e-01	5.239907e-01	1.568275e-02	1.343172e-01	6.015302e-01	5.984698e-01	1.827075e+00	5.992535e-01	1.589858e+01	-1.785080e+01	266	1.000000e+14
-2.387624e+06	2.449916e+01	1.150084e+01	2.470146e+01	-1.670066e+01	1.748192e-01	2.251808e-01	1.488542e-01	1.145824e-03	1.483950e+00	-2.839500e-01	1.164509e+00	-3.928867e+00	5.750420e+00	-1.698461e+01	258	1.000000e+14
-2.978688e+06	8.094857e+00	2.790514e+01	-7.393713e+00	1.539451e+01	-1.608276e-02	4.160828e-01	7.777776e-02	7.222224e-02	7.220286e-01	4.779714e-01	1.587805e+00	-4.299426e+00	1.395257e+01	-7.409796e+00	159	1.000000e+14
-2.665712e+06	6.021280e+00	2.997872e+01	-8.399041e+00	1.639984e+01	1.009462e-01	2.990538e-01	4.869360e-02	1.013064e-01	5.513341e-01	6.486659e-01	1.328311e+00	-2.019416e+00	1.498936e+01	-8.399041e+00	173	1.000000e+14
-2.841517e+06	1.825661e+01	1.774339e+01	1.251248e+01	-4.511683e+00	3.347632e-02	3.665237e-01	1.063840e-01	4.361597e-02	1.193528e+00	6.472498e-03	1.477916e+00	1.292912e+00	8.871695e+00	-4.511683e+00	127	1.000000e+14
-2.365272e+06	8.974654e-01	3.510253e+01	-1.475864e+01	2.275944e+01	1.893864e-01	2.106136e-01	2.192581e-02	1.280742e-01	2.150711e-01	9.849289e-01	1.132209e+00	-1.375016e+00	1.755127e+01	-1.475864e+01	232	1.000000e+14
-2.482574e+06	9.250509e+00	2.674949e+01	-1.078429e+01	1.878509e+01	-2.755646e-01	6.755646e-01	3.950762e-02	1.104924e-01	8.934143e-01	3.065857e-01	2.163167e+00	1.178609e+00	1.337475e+01	-1.105986e+01	197	1.000000e+14
-2.519193e+06	2.273213e+01	1.326787e+01	2.513465e+01	-1.713385e+01	6.936812e-01	-2.936812e-01	1.383554e-01	1.164456e-02	1.300183e+00	-1.001832e-01	1.401101e-02	-3.355801e+00	6.633936e+00	-1.752771e+01	262	1.000000e+14
-2.435037e+06	2.407073e+01	1.192927e+01	2.477725e+01	-1.677645e+01	3.314385e-01	6.856153e-02	1.470515e-01	2.948480e-03	1.442974e+00	-2.429742e-01	8.172296e-01	-3.003530e+00	5.964637e+00	-1.701942e+01	259	1.000000e+14
-2.591788e+06	8.483650e+00	2.751635e+01	5.547910e+00	2.452889e+00	5.288787e-01	-1.288787e-01	5.437098e-02	9.562902e-02	3.786222e-01	8.213778e-01	3.794358e-01	-4.777710e+00	1.375817e+01	-1.288787e-01	32	1.000000e+14
-2.615067e+06	1.132551e+01	2.467449e+01	-2.844339e+00	1.084514e+01	-9.909777e-02	4.990978e-01	5.649717e-02	9.350283e-02	9.114118e-01	2.885882e-01	1.771879e+00	1.842766e+00	1.233725e+01	-2.943436e+00	102	1.000000e+14
-2.228667e+06	2.571156e+01	1.028844e+01	2.706863e+01	-1.906784e+01	2.711899e-01	1.288101e-01	1.550858e-01	-5.085774e-03	1.540323e+00	-3.403233e-01	9.508217e-01	-4.059614e+00	5.144219e+00	-1.941324e+01	280	1.000000e+14
-1.686577e+06	5.846829e+00	3.015317e+01	5.968432e+00	2.032367e+00	6.807386e-01	-2.807386e-01	-1.670659e-02	1.667066e-01	3.351095e-02	1.166489e+00	4.270935e-02	1.828682e+00	1.507659e+01	-2.974451e-01	55	1.000000e+14
-2.865690e+06	1.614708e+01	1.985292e+01	1.287494e+01	-4.874146e+00	3.400864e-01	5.991358e-02	9.841101e-02	5.158899e-02	9.799464e-01	2.200536e-01	7.980540e-01	-1.000853e-01	9.926458e+00	-4.874146e+00	133	1.000000e+14
-2.870046e+06	2.695124e+00	3.330488e+01	-7.294646e+00	1.529545e+01	3.439725e-01	5.602746e-02	6.173070e-02	8.826930e-02	1.763327e-01	1.023667e+00	7.894372e-01	-4.379098e+00	1.665244e+01	-7.294646e+00	158	1.000000e+14
-2.591534e+06	2.253249e+01	1.346751e+01	2.261535e+01	-1.461455e+01	3.566840e-01	4.331598e-02	1.396424e-01	1.035764e-02	1.350511e+00	-1.505110e-01	7.612514e-01	-4.649558e+00	6.733753e+00	-1.476506e+01	233	1.000000e+14
-2.722708e+06	1.468254e+01	2.131746e+01	1.257459e+01	-4.573794e+00	4.630252e-01	-6.302518e-02	8.295176e-02	6.704824e-02	8.338671e-01	3.661329e-01	5.254559e-01	1.428717e+00	1.065873e+01	-4.636819e+00	129	1.000000e+14
-2.295210e+06	7.829918e+00	2.817008e+01	6.783142e+00	1.217657e+00	6.190373e-01	-2.190373e-01	3.144598e-02	1.185540e-01	2.497442e-01	9.502558e-01	1.795226e-01	-4.247007e+00	1.408504e+01	-2.190373e-01	51	1.000000e+14
-2.937638e+06	1.532164e+01	2.067836e+01	4.427723e+00	3.573077e+00	-1.462769e-01	5.462769e-01	9.794168e-02	5.205832e-02	1.107877e+00	9.212283e-02	1.876491e+00	-3.351572e+00	1.033918e+01	-1.462769e-01	35	1.000000e+14
-2.336264e+06	2.488573e+01	1.111427e+01	2.591571e+01	-1.791492e+01	3.081089e-01	9.189114e-02	1.515949e-01	-1.594950e-03	1.491565e+00	-2.915652e-01	8.689594e-01	-4.006523e+00	5.557137e+00	-1.820808e+01	267	1.000000e+14
-2.935859e+06	1.740822e+01	1.859178e+01	1.002225e+01	-2.021452e+00	-4.036528e-02	4.403653e-01	1.084710e-01	4.152905e-02	1.172613e+00	2.738655e-02	1.641648e+00	-2.725280e+00	9.295889e+00	-2.061817e+00	90	1.000000e+14
-2.938913e+06	1.523281e+01	2.076719e+01	3.493911e+00	4.506888e+00	-1.967186e-01	5.967186e-01	1.002725e-01	4.972753e-02	1.119073e+00	8.092706e-02	1.988338e+00	-4.672124e+00	1.038360e+01	-1.967186e-01	47	1.000000e+14
-3.310719e+06	1.135036e+00	3.486496e+01	-1.643439e+01	2.443519e+01	1.214826e-01	2.785174e-01	9.106620e-02	5.893380e-02	2.849408e-01	9.150592e-01	1.282775e+00	-4.981478e+00	1.743248e+01	-1.643439e+01	253	1.000000e+14
-2.736885e+06	6.989217e+00	2.901078e+01	-3.361847e+00	1.136265e+01	2.390578e-01	1.609422e-01	5.693499e-02	9.306501e-02	5.103356e-01	6.896644e-01	1.022070e+00	-2.308575e+00	1.450539e+01	-3.361847e+00	111	1.000000e+14
-1.356298e+06	1.650373e+00	3.434963e+01	-1.251866e-01	8.125986e+00	6.356379e-01	-2.356379e-01	-4.573372e-02	1.957337e-01	-2.288408e-01	1.428841e+00	1.427133e-01	-1.868400e+00	1.717481e+01	-6.353989e-01	64	1.000000e+14
-2.899777e+06	1.490221e+01	2.109779e+01	2.411916e+00	5.588883e+00	-2.220417e-01	6.220417e-01	9.428107e-02	5.571893e-02	1.112379e+00	8.762114e-02	2.044488e+00	-4.108793e+00	1.054890e+01	-2.220417e-01	52	1.000000e+14
-2.929056e+06	8.749082e+00	2.725092e+01	-1.793574e+00	9.794373e+00	1.810297e-01	2.189703e-01	7.794344e-02	7.205656e-02	6.441931e-01	5.558069e-01	1.150738e+00	-4.651958e+00	1.362546e+01	-1.793574e+00	84	1.000000e+14
-2.512884e+06	9.597925e+00	2.640208e+01	-5.799783e+00	1.380058e+01	-7.591587e-02	4.759159e-01	4.443037e-02	1.055696e-01	8.221022e-01	3.778978e-01	1.720476e+00	1.228813e+00	1.320104e+01	-5.875699e+00	144	1.000000e+14
-2.770083e+06	1.991728e+01	1.608272e+01	2.144122e+01	-1.344042e+01	6.367576e-01	-2.367576e-01	1.199293e-01	3.007071e-02	1.114715e+00	8.528456e-02	1.402304e-01	-4.319542e-01	8.041358e+00	-1.367717e+01	224	1.000000e+14
-2.955805e+06	1.047875e+01	2.552125e+01	9.213781e-01	7.079421e+00	1.712228e-01	2.287772e-01	8.420668e-02	6.579332e-02	7.422726e-01	4.577274e-01	1.172484e+00	-4.387490e+00	1.276062e+01	0.000000e+00	3	1.000000e+14
-2.040924e+06	4.711794e+00	3.128821e+01	-6.425834e+00	1.442663e+01	2.625703e-01	1.374297e-01	4.793447e-03	1.452066e-01	3.648083e-01	8.351917e-01	9.699344e-01	1.810160e+00	1.564410e+01	-6.425834e+00	154	1.000000e+14
-2.811692e+06	9.157868e+00	2.684213e+01	-9.257767e+00	1.725857e+01	-1.956571e-01	5.956571e-01	6.553184e-02	8.446816e-02	8.560318e-01	3.439682e-01	1.985984e+00	-2.791510e+00	1.342107e+01	-9.453424e+00	186	1.000000e+14
-1.893386e+06	1.044750e+00	3.495525e+01	-7.942069e+00	1.594287e+01	4.038248e-01	-3.824785e-03	-8.562888e-03	1.585629e-01	1.436340e-02	1.185637e+00	6.567238e-01	-5.106977e-01	1.747762e+01	-7.954456e+00	167	1.000000e+14
-2.369466e+06	7.630285e+00	2.836972e+01	-1.320447e+00	9.321246e+00	2.820401e-01	1.179599e-01	3.304583e-02	1.169542e-01	5.164868e-01	6.835132e-01	9.267630e-01	1.459235e+00	1.418486e+01	-1.320447e+00	77	1.000000e+14
-2.279546e+06	5.933456e+00	3.006654e+01	-1.147083e+01	1.947163e+01	-1.469020e-02	4.146902e-01	2.027171e-02	1.297283e-01	6.180933e-01	5.819067e-01	1.584718e+00	1.080675e+00	1.503327e+01	-1.148552e+01	202	1.000000e+14
-2.491213e+06	9.369005e+00	2.663100e+01	6.287490e+00	1.713309e+00	5.097297e-01	-1.097297e-01	4.878962e-02	1.012104e-01	4.543568e-01	7.456432e-01	4.218957e-01	-1.662951e+00	1.331550e+01	-1.097297e-01	30	1.000000e+14
-2.502389e+06	3.060086e+00	3.293991e+01	-2.280310e+00	1.028111e+01	5.011951e-01	-1.011951e-01	3.810979e-02	1.118902e-01	3.819308e-02	1.161807e+00	4.408198e-01	-4.989226e+00	1.646996e+01	-2.381505e+00	94	1.000000e+14
-2.681270e+06	1.023040e+01	2.576960e+01	5.076030e+00	2.924769e+00	3.949257e-01	5.074325e-03	6.322270e-02	8.677730e-02	5.935720e-01	6.064280e-01	6.764563e-01	-1.185320e+00	1.288480e+01	0.000000e+00	17	1.000000e+14
-2.868274e+06	1.476077e+01	2.123923e+01	4.498767e+00	3.502032e+00	-6.727309e-02	4.672731e-01	8.849399e-02	6.150601e-02	1.057288e+00	1.427119e-01	1.701312e+00	-1.456720e+00	1.061962e+01	-6.727309e-02	26	1.000000e+14
-2.573193e+06	2.287591e+01	1.312409e+01	2.158022e+01	-1.357942e+01	1.163114e-01	2.836886e-01	1.397266e-01	1.027340e-02	1.407374e+00	-2.073735e-01	1.294241e+00	-2.206545e+00	6.562045e+00	-1.378679e+01	225	1.000000e+14
-2.909878e+06	1.196951e+01	2.403049e+01	-4.066048e+00	1.206685e+01	-2.343822e-01	6.343822e-01	8.520442e-02	6.479558e-02	9.917194e-01	2.082806e-01	2.071851e+00	-4.700199e+00	1.201525e+01	-4.300430e+00	122	1.000000e+14
-2.236971e+06	2.559952e+01	1.040048e+01	2.651972e+01	-1.851892e+01	1.624102e-01	2.375898e-01	1.537300e-01	-3.730019e-03	1.542258e+00	-3.422579e-01	1.192024e+00	-2.542677e-01	5.200242e+00	-1.886490e+01	274	1.000000e+14
-2.193657e+06	2.583552e+01	1.016448e+01	2.800321e+01	-2.000241e+01	5.053333e-01	-1.053333e-01	1.559199e-01	-5.919894e-03	1.530369e+00	-3.303690e-01	4.316441e-01	-2.709312e-01	5.082241e+00	-2.044403e+01	285	1.000000e+14
-2.475686e+06	5.533205e+00	3.046680e+01	-1.278578e+01	2.078658e+01	-3.628132e-02	4.362813e-01	3.260604e-02	1.173940e-01	6.117490e-01	5.882510e-01	1.632593e+00	-4.458429e-01	1.523340e+01	-1.282206e+01	215	1.000000e+14
-2.775945e+06	5.688997e+00	3.031100e+01	-1.994551e+00	9.995350e+00	3.753247e-01	2.467532e-02	6.011054e-02	8.988946e-02	3.293441e-01	8.706559e-01	7.199185e-01	-4.662732e+00	1.515550e+01	-1.994551e+00	89	1.000000e+14
-2.283509e+06	2.536752e+01	1.063248e+01	2.635276e+01	-1.835196e+01	2.246486e-01	1.753514e-01	1.540489e-01	-4.048851e-03	1.525298e+00	-3.252980e-01	1.054020e+00	-2.585867e+00	5.316240e+00	-1.868130e+01	271	1.000000e+14
-2.639166e+06	5.156519e+00	3.084348e+01	-1.941502e+00	9.942302e+00	4.073450e-01	-7.345050e-03	4.899541e-02	1.010046e-01	2.682939e-01	9.317061e-01	6.489182e-01	-3.975234e+00	1.542174e+01	-1.948847e+00	86	1.000000e+14
-2.825886e+06	1.360284e+01	2.239716e+01	-6.867547e-01	8.687554e+00	-2.417742e-01	6.417742e-01	7.775223e-02	7.224777e-02	1.063338e+00	1.366620e-01	2.088242e+00	-1.809453e-01	1.119858e+01	-9.285289e-01	72	1.000000e+14
-2.860177e+06	1.874229e+01	1.725771e+01	1.524735e+01	-7.246551e+00	2.002668e-01	1.997332e-01	1.127354e-01	3.726459e-02	1.173377e+00	2.662251e-02	1.108083e+00	1.510359e+00	8.628857e+00	-7.246551e+00	156	1.000000e+14
-2.578200e+06	9.558352e+00	2.644165e+01	2.884638e+00	5.116162e+00	3.374229e-01	6.257712e-02	5.325229e-02	9.674771e-02	5.911747e-01	6.088253e-01	8.039600e-01	-5.372425e-01	1.322082e+01	0.000000e+00	20	1.000000e+14
-1.235902e+06	1.209232e+00	3.479077e+01	-1.914403e+00	9.915203e+00	5.939816e-01	-1.939816e-01	-5.491661e-02	2.049166e-01	-2.045052e-01	1.404505e+00	2.350798e-01	1.760234e+00	1.739538e+01	-2.367807e+00	93	1.000000e+14
-2.853191e+06	2.097080e+00	3.390292e+01	-1.769334e+01	2.569414e+01	2.163575e-02	3.783642e-01	5.697403e-02	9.302597e-02	4.093602e-01	7.906398e-01	1.504170e+00	-3.094922e+00	1.695146e+01	-1.769334e+01	264	1.000000e+14
-1.752455e+06	2.444594e-01	3.575554e+01	-1.219259e+01	2.019338e+01	3.054752e-01	9.452476e-02	-2.030006e-02	1.703001e-01	6.909990e-02	1.130900e+00	8.747991e-01	7.434069e-01	1.787777e+01	-1.221289e+01	211	1.000000e+14
-2.898477e+06	1.691986e+01	1.908014e+01	7.777471e+00	2.233282e-01	-1.402683e-01	5.402683e-01	1.007725e-01	4.922755e-02	1.177203e+00	2.279731e-02	1.863168e+00	-1.833234e+00	9.540072e+00	-1.402683e-01	33	1.000000e+14
-1.381273e+06	1.621129e+00	3.437887e+01	1.644990e-01	7.836300e+00	6.464448e-01	-2.464448e-01	-4.400568e-02	1.940057e-01	-2.461568e-01	1.446157e+00	1.187505e-01	-3.600933e+00	1.718944e+01	-5.366073e-01	61	1.000000e+14
-2.540972e+06	2.320775e+01	1.279225e+01	2.197777e+01	-1.397697e+01	8.579980e-02	3.142002e-01	1.418062e-01	8.193841e-03	1.428363e+00	-2.283633e-01	1.361896e+00	-4.523017e+00	6.396126e+00	-1.420533e+01	228	1.000000e+14
-2.452642e+06	2.414393e+01	1.185607e+01	2.253452e+01	-1.453372e+01	-1.366745e-01	5.366745e-01	1.457933e-01	4.206704e-03	1.498237e+00	-2.982370e-01	1.855199e+00	-3.410720e+00	5.928035e+00	-1.496863e+01	236	1.000000e+14
-2.241843e+06	2.553594e+01	1.046406e+01	2.499740e+01	-1.699660e+01	-2.433158e-01	6.433158e-01	1.509108e-01	-9.107525e-04	1.567303e+00	-3.673035e-01	2.091660e+00	3.668578e-01	5.232028e+00	-1.760813e+01	263	1.000000e+14
-3.036072e+06	3.627884e+00	3.237212e+01	-2.289937e+01	3.090017e+01	-2.683665e-01	6.683665e-01	7.541629e-02	7.458371e-02	6.562419e-01	5.437581e-01	2.147207e+00	-4.374637e+00	1.618606e+01	-2.316774e+01	293	1.000000e+14
-2.481927e+06	9.819869e+00	2.618013e+01	5.266303e+00	2.734496e+00	4.324348e-01	-3.243479e-02	4.854811e-02	1.014519e-01	5.419409e-01	6.580591e-01	5.932855e-01	3.103308e-01	1.309007e+01	-3.243479e-02	24	1.000000e+14
-2.705480e+06	1.168224e+01	2.431776e+01	5.900925e+00	2.099874e+00	3.272245e-01	7.277546e-02	6.773088e-02	8.226912e-02	7.230447e-01	4.769553e-01	8.265733e-01	-2.051153e-01	1.215888e+01	0.000000e+00	14	1.000000e+14
-2.903368e+06	1.461335e+01	2.138665e+01	2.253970e+00	5.746829e+00	-1.926987e-01	5.926987e-01	9.214044e-02	5.785956e-02	1.091056e+00	1.089444e-01	1.979425e+00	-3.612609e+00	1.069333e+01	-1.926987e-01	44	1.000000e+14
-1.999499e+06	4.067868e+00	3.193213e+01	-3.037141e+00	1.103794e+01	4.243700e-01	-2.436997e-02	2.871504e-03	1.471285e-01	1.837342e-01	1.016266e+00	6.111680e-01	9.382005e-01	1.596607e+01	-3.061511e+00	105	1.000000e+14
-2.860917e+06	2.159771e+00	3.384023e+01	-2.285346e+01	3.085426e+01	-1.578369e-01	5.578369e-01	5.690793e-02	9.309207e-02	5.306447e-01	6.693553e-01	1.902124e+00	-3.062850e+00	1.692011e+01	-2.301130e+01	292	1.000000e+14
-2.341199e+06	7.012589e+00	2.898741e+01	-3.125189e+00	1.112599e+01	2.473339e-01	1.526661e-01	2.968096e-02	1.203190e-01	5.058511e-01	6.941489e-01	1.003719e+00	1.435486e+00	1.449371e+01	-3.125189e+00	108	1.000000e+14
-2.751484e+06	1.406690e+01	2.193310e+01	-5.523486e-01	8.553148e+00	-2.951440e-01	6.951440e-01	7.425616e-02	7.574384e-02	1.099264e+00	1.007362e-01	2.206582e+00	1.452197e+00	1.096655e+01	-8.474926e-01	71	1.000000e+14
-2.837395e+06	1.511440e+01	2.088560e+01	8.789316e+00	-7.885164e-01	1.719476e-01	2.280524e-01	9.023463e-02	5.976537e-02	9.886837e-01	2.113163e-01	1.170876e+00	8.849957e-01	1.044280e+01	-7.885164e-01	69	1.000000e+14
-2.205563e+06	2.573848e+01	1.026152e+01	2.818490e+01	-2.018410e+01	6.004782e-01	-2.004782e-01	1.555058e-01	-5.505819e-03	1.516972e+00	-3.169718e-01	2.206746e-01	1.152427e+00	5.130759e+00	-2.070705e+01	287	1.000000e+14
-2.937849e+06	1.552699e+01	2.047301e+01	6.544596e+00	1.456203e+00	-2.992857e-02	4.299286e-01	9.950575e-02	5.049425e-02	1.080858e+00	1.191424e-01	1.618506e+00	-3.034651e+00	1.023651e+01	-2.992857e-02	23	1.000000e+14
-2.962642e+06	1.348373e+01	2.251627e+01	1.742614e+00	6.258185e+00	-8.235120e-02	4.823512e-01	9.408002e-02	5.591998e-02	1.003637e+00	1.963627e-01	1.734746e+00	-4.482313e+00	1.125813e+01	-8.235120e-02	28	1.000000e+14
-2.594569e+06	2.217659e+01	1.382341e+01	2.367073e+01	-1.566993e+01	5.765954e-01	-1.765954e-01	1.356662e-01	1.433382e-02	1.286052e+00	-8.605245e-02	2.736311e-01	1.805206e+00	6.911704e+00	-1.593258e+01	248	1.000000e+14
-2.514791e+06	2.663805e+00	3.333619e+01	-1.338920e+01	2.139000e+01	1.343022e-01	2.656978e-01	3.342409e-02	1.165759e-01	3.542764e-01	8.457236e-01	1.254349e+00	-1.251757e+00	1.666810e+01	-1.338920e+01	220	1.000000e+14
-1.644034e+06	1.580730e+00	3.441927e+01	-2.286588e+00	1.028739e+01	5.664309e-01	-1.664309e-01	-2.453797e-02	1.745380e-01	-1.417088e-01	1.341709e+00	2.961693e-01	-1.712928e+00	1.720963e+01	-2.619265e+00	100	1.000000e+14
-2.784682e+06	1.092720e+01	2.507280e+01	-1.527946e+00	9.528745e+00	8.154520e-03	3.918455e-01	6.799620e-02	8.200380e-02	8.461108e-01	3.538892e-01	1.534063e+00	-7.357744e-01	1.253640e+01	-1.527946e+00	79	1.000000e+14
-2.015826e+06	6.337198e-01	3.536628e+01	-3.025272e+01	3.825352e+01	-2.947145e-01	6.947145e-01	-7.112694e-03	1.571127e-01	5.468736e-01	6.531264e-01	2.205629e+00	6.585420e-01	1.768314e+01	-3.055455e+01	300	1.000000e+14
-2.792387e+06	1.854556e+01	1.745444e+01	1.973400e+01	-1.173321e+01	6.287254e-01	-2.287254e-01	1.110878e-01	3.891217e-02	1.020230e+00	1.797705e-01	1.580406e-01	2.964492e-01	8.727218e+00	-1.196193e+01	206	1.000000e+14
-2.437956e+06	2.401124e+01	1.198876e+01	2.302447e+01	-1.502367e+01	1.020082e-02	3.897992e-01	1.442469e-01	5.753090e-03	1.476880e+00	-2.768805e-01	1.529526e+00	-1.942936e-01	5.994379e+00	-1.530055e+01	239	1.000000e+14
-2.801385e+06	1.293551e+01	2.306449e+01	1.092554e+01	-2.924740e+00	5.058115e-01	-1.058115e-01	8.182771e-02	6.817229e-02	6.956102e-01	5.043898e-01	4.305837e-01	-3.059434e+00	1.153225e+01	-3.030551e+00	104	1.000000e+14
-2.209971e+06	1.167507e+00	3.483249e+01	-1.094424e+01	1.894504e+01	2.996146e-01	1.003854e-01	1.254568e-02	1.374543e-01	1.287014e-01	1.071299e+00	8.877942e-01	-1.234494e+00	1.741625e+01	-1.094424e+01	196	1.000000e+14
-2.705009e+06	1.194954e+01	2.405046e+01	7.073118e+00	9.276817e-01	3.684892e-01	3.151079e-02	6.924622e-02	8.075378e-02	7.151933e-01	4.848067e-01	7.350751e-01	-3.608525e-01	1.202523e+01	0.000000e+00	15	1.000000e+14
-1.939613e+06	2.487137e+00	3.351286e+01	-1.525004e+00	9.525803e+00	5.534292e-01	-1.534292e-01	-2.159101e-03	1.521591e-01	-6.161321e-02	1.261613e+00	3.249986e-01	-2.348872e+00	1.675643e+01	-1.742205e+00	81	1.000000e+14
-2.843847e+06	1.723257e+01	1.876743e+01	1.691532e+01	-8.914516e+00	5.294987e-01	-1.294987e-01	1.051490e-01	4.485096e-02	9.699776e-01	2.300224e-01	3.780609e-01	-3.270757e-01	9.383713e+00	-9.044015e+00	178	1.000000e+14
-2.860949e+06	6.378870e+00	2.962113e+01	-4.194550e+00	1.219535e+01	2.453627e-01	1.546373e-01	6.621834e-02	8.378166e-02	4.717694e-01	7.282306e-01	1.008089e+00	-4.223056e+00	1.481057e+01	-4.194550e+00	121	1.000000e+14
-2.691684e+06	2.152133e+01	1.447867e+01	1.646644e+01	-8.465641e+00	-2.283793e-01	6.283793e-01	1.294645e-01	2.053554e-02	1.395678e+00	-1.956776e-01	2.058541e+00	-3.844252e+00	7.239333e+00	-8.889698e+00	175	1.000000e+14
-2.947270e+06	1.710316e+01	1.889684e+01	8.219856e+00	-2.190570e-01	-1.349388e-01	5.349388e-01	1.080925e-01	4.190752e-02	1.183962e+00	1.603806e-02	1.851351e+00	-3.920711e+00	9.448420e+00	-3.539958e-01	57	1.000000e+14
-2.796566e+06	1.280297e+01	2.319703e+01	-1.708952e+00	9.709751e+00	-2.020190e-01	6.020190e-01	7.275763e-02	7.724237e-02	1.015901e+00	1.840992e-01	2.000091e+00	-7.881393e-01	1.159851e+01	-1.910971e+00	85	1.000000e+14
-2.777900e+06	1.435948e+01	2.164052e+01	1.059034e+01	-2.589536e+00	3.659469e-01	3.405308e-02	8.437729e-02	6.562271e-02	8.619888e-01	3.380112e-01	7.407123e-01	1.998432e-01	1.082026e+01	-2.589536e+00	98	1.000000e+14
-2.481751e+06	1.534187e+00	3.446581e+01	-1.202912e+01	2.002992e+01	2.446497e-01	1.553503e-01	3.132928e-02	1.186707e-01	2.010004e-01	9.989996e-01	1.009671e+00	-2.121460e+00	1.723291e+01	-1.202912e+01	208	1.000000e+14
-2.828897e+06	1.968945e+01	1.631055e+01	1.210008e+01	-4.099277e+00	-2.735195e-01	6.735195e-01	1.139129e-01	3.608710e-02	1.326347e+00	-1.263472e-01	2.158632e+00	-8.459218e-01	8.155273e+00	-4.499144e+00	126	1.000000e+14
-2.903963e+06	1.445941e+01	2.154059e+01	1.886211e+00	6.114589e+00	-1.955361e-01	5.955361e-01	9.154557e-02	5.845443e-02	1.085276e+00	1.147238e-01	1.985716e+00	-3.612218e+00	1.077030e+01	-1.955361e-01	46	1.000000e+14
-2.182692e+06	2.579076e+01	1.020924e+01	2.849226e+01	-2.049146e+01	6.765544e-01	-2.765544e-01	1.554864e-01	-5.486391e-03	1.514350e+00	-3.143497e-01	5.198707e-02	4.460199e-03	5.104620e+00	-2.108785e+01	288	1.000000e+14
-2.643645e+06	6.688616e+00	2.931138e+01	-5.484382e+00	1.348518e+01	1.719695e-01	2.280305e-01	4.875021e-02	1.012498e-01	5.396484e-01	6.603516e-01	1.170828e+00	-1.941569e+00	1.465569e+01	-5.484382e+00	137	1.000000e+14
-2.441895e+06	2.415298e+01	1.184702e+01	2.252754e+01	-1.452674e+01	-1.417367e-01	5.417367e-01	1.453922e-01	4.607831e-03	1.499140e+00	-2.991397e-01	1.866424e+00	-1.736761e+00	5.923512e+00	-1.496761e+01	235	1.000000e+14
-2.762614e+06	1.181255e+00	3.481874e+01	-1.293739e+01	2.093819e+01	2.335362e-01	1.664638e-01	5.091124e-02	9.908876e-02	1.913318e-01	1.008668e+00	1.034313e+00	-3.256597e+00	1.740937e+01	-1.293739e+01	217	1.000000e+14
-2.834298e+06	9.825531e+00	2.617447e+01	-8.884966e+00	1.688577e+01	-2.449523e-01	6.449523e-01	6.996621e-02	8.003379e-02	9.051053e-01	2.948947e-01	2.095289e+00	-3.328279e+00	1.308723e+01	-9.129919e+00	179	1.000000e+14
-2.877336e+06	1.232844e+01	2.367156e+01	-4.679777e-01	8.468777e+00	-7.836176e-02	4.783618e-01	7.972719e-02	7.027281e-02	9.489905e-01	2.510095e-01	1.725900e+00	-2.646384e+00	1.183578e+01	-5.463395e-01	62	1.000000e+14
-2.885457e+06	1.230296e+01	2.369704e+01	-9.794311e-01	8.980230e+00	-1.037646e-01	5.037646e-01	8.052513e-02	6.947487e-02	9.577241e-01	2.422759e-01	1.782227e+00	-2.933487e+00	1.184852e+01	-1.083196e+00	74	1.000000e+14
-2.505258e+06	2.349014e+01	1.250986e+01	2.352755e+01	-1.552676e+01	2.673397e-01	1.326603e-01	1.439700e-01	6.030033e-03	1.418709e+00	-2.187092e-01	9.593590e-01	-1.748635e+00	6.254932e+00	-1.574546e+01	244	1.000000e+14
-1.712593e+06	2.696377e+00	3.330362e+01	-7.135503e-01	8.714350e+00	5.723649e-01	-1.723649e-01	-1.795021e-02	1.679502e-01	-6.986080e-02	1.269861e+00	2.830116e-01	-3.533320e-01	1.665181e+01	-9.737262e-01	73	1.000000e+14
-2.918393e+06	1.054396e+01	2.545604e+01	-1.187413e+00	9.188212e+00	6.084353e-02	3.391565e-01	7.956020e-02	7.043980e-02	8.023329e-01	3.976671e-01	1.417233e+00	-3.385507e+00	1.272802e+01	-1.187413e+00	75	1.000000e+14
-2.639264e+06	8.225894e+00	2.777411e+01	-4.729469e+00	1.273027e+01	9.041380e-02	3.095862e-01	5.044145e-02	9.955855e-02	6.700418e-01	5.299582e-01	1.351665e+00	-4.862951e-01	1.388705e+01	-4.729469e+00	131	1.000000e+14
